#
# There is insufficient memory for the Java Runtime Environment to continue.
# Native memory allocation (malloc) failed to allocate 538224 bytes. Error detail: Chunk::new
# Possible reasons:
#   The system is out of physical RAM or swap space
#   This process is running with CompressedOops enabled, and the Java Heap may be blocking the growth of the native heap
# Possible solutions:
#   Reduce memory load on the system
#   Increase physical memory or swap space
#   Check if swap backing store is full
#   Decrease Java heap size (-Xmx/-Xms)
#   Decrease number of Java threads
#   Decrease Java thread stack sizes (-Xss)
#   Set larger code cache with -XX:ReservedCodeCacheSize=
#   JVM is running with Unscaled Compressed Oops mode in which the Java heap is
#     placed in the first 4GB address space. The Java Heap base address is the
#     maximum limit for the native heap growth. Please use -XX:HeapBaseMinAddress
#     to set the Java Heap base and to place the Java Heap above 4GB virtual address.
# This output file may be truncated or incomplete.
#
#  Out of Memory Error (arena.cpp:168), pid=28096, tid=7008
#
# JRE version: OpenJDK Runtime Environment Temurin-21.0.8+9 (21.0.8+9) (build 21.0.8+9-LTS)
# Java VM: OpenJDK 64-Bit Server VM Temurin-21.0.8+9 (21.0.8+9-LTS, mixed mode, sharing, tiered, compressed oops, compressed class ptrs, parallel gc, windows-amd64)
# No core dump will be written. Minidumps are not enabled by default on client versions of Windows
#

---------------  S U M M A R Y ------------

Command Line: --add-modules=ALL-SYSTEM --add-opens=java.base/java.util=ALL-UNNAMED --add-opens=java.base/java.lang=ALL-UNNAMED --add-opens=java.base/sun.nio.fs=ALL-UNNAMED -Declipse.application=org.eclipse.jdt.ls.core.id1 -Dosgi.bundles.defaultStartLevel=4 -Declipse.product=org.eclipse.jdt.ls.core.product -Djava.import.generatesMetadataFilesAtProjectRoot=false -DDetectVMInstallationsJob.disabled=true -Dfile.encoding=utf8 -XX:+UseParallelGC -XX:GCTimeRatio=4 -XX:AdaptiveSizePolicyWeight=90 -Dsun.zip.disableMemoryMapping=true -Xmx2G -Xms100m -Xlog:disable -javaagent:c:\Users\kavin\.vscode\extensions\redhat.java-1.47.0-win32-x64\lombok\lombok-1.18.39-4050.jar -XX:+HeapDumpOnOutOfMemoryError -XX:HeapDumpPath=c:\Users\kavin\AppData\Roaming\Code\User\workspaceStorage\e55657de26fef7e88f35b3bd3d66fe23\redhat.java -Daether.dependencyCollector.impl=bf c:\Users\kavin\.vscode\extensions\redhat.java-1.47.0-win32-x64\server\plugins\org.eclipse.equinox.launcher_1.7.100.v20251014-1222.jar -configuration c:\Users\kavin\AppData\Roaming\Code\User\globalStorage\redhat.java\1.47.0\config_win -data c:\Users\kavin\AppData\Roaming\Code\User\workspaceStorage\e55657de26fef7e88f35b3bd3d66fe23\redhat.java\jdt_ws --pipe=\\.\pipe\lsp-8bf1cad589fb83751d66b6c5b2f0b198-sock

Host: AMD Ryzen 7 5800H with Radeon Graphics         , 16 cores, 15G,  Windows 11 , 64 bit Build 22621 (10.0.22621.5415)
Time: Fri Nov  7 11:43:58 2025 India Standard Time elapsed time: 9.229641 seconds (0d 0h 0m 9s)

---------------  T H R E A D  ---------------

Current thread (0x0000021c6ee84940):  JavaThread "C2 CompilerThread6" daemon [_thread_in_native, id=7008, stack(0x000000b31fc00000,0x000000b31fd00000) (1024K)]


Current CompileTask:
C2:9229 6739   !   4       org.eclipse.osgi.internal.loader.BundleLoader::findLocalClass (159 bytes)

Stack: [0x000000b31fc00000,0x000000b31fd00000]
Native frames: (J=compiled Java code, j=interpreted, Vv=VM code, C=native code)
V  [jvm.dll+0x6d2449]
V  [jvm.dll+0x8ae341]
V  [jvm.dll+0x8b08be]
V  [jvm.dll+0x8b0fa3]
V  [jvm.dll+0x280c96]
V  [jvm.dll+0xc581d]
V  [jvm.dll+0xc5d53]
V  [jvm.dll+0x3b919c]
V  [jvm.dll+0x1e108a]
V  [jvm.dll+0x249022]
V  [jvm.dll+0x2484af]
V  [jvm.dll+0x1c89ee]
V  [jvm.dll+0x257d4d]
V  [jvm.dll+0x2562ea]
V  [jvm.dll+0x3f2d16]
V  [jvm.dll+0x857e6b]
V  [jvm.dll+0x6d0b0d]
C  [ucrtbase.dll+0x29333]
C  [KERNEL32.DLL+0x1259d]
C  [ntdll.dll+0x5af78]


---------------  P R O C E S S  ---------------

Threads class SMR info:
_java_thread_list=0x0000021c6fdec100, length=100, elements={
0x0000021c0efecfd0, 0x0000021c680583e0, 0x0000021c25a8dae0, 0x0000021c68059990,
0x0000021c6805d8b0, 0x0000021c6805ee20, 0x0000021c68060300, 0x0000021c68065bd0,
0x0000021c68066840, 0x0000021c6812dc70, 0x0000021c681c46b0, 0x0000021c681ca700,
0x0000021c6836d040, 0x0000021c697b5c60, 0x0000021c6e3e6b80, 0x0000021c69ea6960,
0x0000021c6e0ecfd0, 0x0000021c6e12ac80, 0x0000021c6eb1bc00, 0x0000021c6e891320,
0x0000021c6e8a96a0, 0x0000021c6e8a82f0, 0x0000021c6e8aa3c0, 0x0000021c6e8aaa50,
0x0000021c6ee83ba0, 0x0000021c6ee82730, 0x0000021c6e8a75d0, 0x0000021c6e8a7c60,
0x0000021c6e8a9010, 0x0000021c6ee82e00, 0x0000021c6ee834d0, 0x0000021c6ee84270,
0x0000021c6e8a8980, 0x0000021c71169250, 0x0000021c71166af0, 0x0000021c711650b0,
0x0000021c711698e0, 0x0000021c7116a600, 0x0000021c71167180, 0x0000021c71167ea0,
0x0000021c71166460, 0x0000021c71164390, 0x0000021c71165740, 0x0000021c71164a20,
0x0000021c71168530, 0x0000021c71165dd0, 0x0000021c71169f70, 0x0000021c7116ac90,
0x0000021c7116b320, 0x0000021c71167810, 0x0000021c71168bc0, 0x0000021c7116b9b0,
0x0000021c6ee84940, 0x0000021c7453f770, 0x0000021c74540b20, 0x0000021c745411b0,
0x0000021c74541840, 0x0000021c74541ed0, 0x0000021c7453d010, 0x0000021c74542560,
0x0000021c74542bf0, 0x0000021c7453fe00, 0x0000021c74543280, 0x0000021c74543910,
0x0000021c7453ea50, 0x0000021c7453dd30, 0x0000021c74543fa0, 0x0000021c74544630,
0x0000021c7453d6a0, 0x0000021c7453f0e0, 0x0000021c7453e3c0, 0x0000021c74540490,
0x0000021c71a04a90, 0x0000021c71a03050, 0x0000021c71a02330, 0x0000021c71a04400,
0x0000021c71a01ca0, 0x0000021c71a008f0, 0x0000021c71a029c0, 0x0000021c71a036e0,
0x0000021c71a05120, 0x0000021c71a057b0, 0x0000021c71a06b60, 0x0000021c71a05e40,
0x0000021c71a064d0, 0x0000021c71a071f0, 0x0000021c71a03d70, 0x0000021c71a07880,
0x0000021c71a07f10, 0x0000021c71a00f80, 0x0000021c71a01610, 0x0000021c7078d760,
0x0000021c70790550, 0x0000021c7078fec0, 0x0000021c70790be0, 0x0000021c7078f830,
0x0000021c7078ddf0, 0x0000021c7078e480, 0x0000021c7078eb10, 0x0000021c7078f1a0
}

Java Threads: ( => current thread )
  0x0000021c0efecfd0 JavaThread "main"                              [_thread_blocked, id=25116, stack(0x000000b31b900000,0x000000b31ba00000) (1024K)]
  0x0000021c680583e0 JavaThread "Reference Handler"          daemon [_thread_blocked, id=19356, stack(0x000000b31bd00000,0x000000b31be00000) (1024K)]
  0x0000021c25a8dae0 JavaThread "Finalizer"                  daemon [_thread_blocked, id=12740, stack(0x000000b31be00000,0x000000b31bf00000) (1024K)]
  0x0000021c68059990 JavaThread "Signal Dispatcher"          daemon [_thread_blocked, id=27872, stack(0x000000b31bf00000,0x000000b31c000000) (1024K)]
  0x0000021c6805d8b0 JavaThread "Attach Listener"            daemon [_thread_blocked, id=27752, stack(0x000000b31c000000,0x000000b31c100000) (1024K)]
  0x0000021c6805ee20 JavaThread "Service Thread"             daemon [_thread_blocked, id=3308, stack(0x000000b31c100000,0x000000b31c200000) (1024K)]
  0x0000021c68060300 JavaThread "Monitor Deflation Thread"   daemon [_thread_blocked, id=14260, stack(0x000000b31c200000,0x000000b31c300000) (1024K)]
  0x0000021c68065bd0 JavaThread "C2 CompilerThread0"         daemon [_thread_in_native, id=13972, stack(0x000000b31c300000,0x000000b31c400000) (1024K)]
  0x0000021c68066840 JavaThread "C1 CompilerThread0"         daemon [_thread_blocked, id=17668, stack(0x000000b31c400000,0x000000b31c500000) (1024K)]
  0x0000021c6812dc70 JavaThread "C1 CompilerThread1"         daemon [_thread_blocked, id=6984, stack(0x000000b31c500000,0x000000b31c600000) (1024K)]
  0x0000021c681c46b0 JavaThread "Common-Cleaner"             daemon [_thread_blocked, id=26340, stack(0x000000b31c600000,0x000000b31c700000) (1024K)]
  0x0000021c681ca700 JavaThread "C1 CompilerThread2"         daemon [_thread_blocked, id=28652, stack(0x000000b31c700000,0x000000b31c800000) (1024K)]
  0x0000021c6836d040 JavaThread "C1 CompilerThread3"         daemon [_thread_blocked, id=7720, stack(0x000000b31c900000,0x000000b31ca00000) (1024K)]
  0x0000021c697b5c60 JavaThread "Notification Thread"        daemon [_thread_blocked, id=11856, stack(0x000000b31ca00000,0x000000b31cb00000) (1024K)]
  0x0000021c6e3e6b80 JavaThread "Active Thread: Equinox Container: 12402361-fcbc-42f2-83d2-a1f6602c7742"        [_thread_blocked, id=27956, stack(0x000000b31d300000,0x000000b31d400000) (1024K)]
  0x0000021c69ea6960 JavaThread "Refresh Thread: Equinox Container: 12402361-fcbc-42f2-83d2-a1f6602c7742" daemon [_thread_blocked, id=28316, stack(0x000000b31d500000,0x000000b31d600000) (1024K)]
  0x0000021c6e0ecfd0 JavaThread "Framework Event Dispatcher: Equinox Container: 12402361-fcbc-42f2-83d2-a1f6602c7742" daemon [_thread_blocked, id=20724, stack(0x000000b31d600000,0x000000b31d700000) (1024K)]
  0x0000021c6e12ac80 JavaThread "Start Level: Equinox Container: 12402361-fcbc-42f2-83d2-a1f6602c7742" daemon [_thread_blocked, id=21996, stack(0x000000b31d700000,0x000000b31d800000) (1024K)]
  0x0000021c6eb1bc00 JavaThread "Bundle File Closer"         daemon [_thread_blocked, id=3588, stack(0x000000b31db00000,0x000000b31dc00000) (1024K)]
  0x0000021c6e891320 JavaThread "SCR Component Actor"        daemon [_thread_blocked, id=27692, stack(0x000000b31dc00000,0x000000b31dd00000) (1024K)]
  0x0000021c6e8a96a0 JavaThread "Worker-JM"                         [_thread_blocked, id=4432, stack(0x000000b31d200000,0x000000b31d300000) (1024K)]
  0x0000021c6e8a82f0 JavaThread "JNA Cleaner"                daemon [_thread_blocked, id=19624, stack(0x000000b31cb00000,0x000000b31cc00000) (1024K)]
  0x0000021c6e8aa3c0 JavaThread "Worker-0"                          [_thread_blocked, id=21688, stack(0x000000b31de00000,0x000000b31df00000) (1024K)]
  0x0000021c6e8aaa50 JavaThread "Worker-1: Building"                [_thread_blocked, id=24644, stack(0x000000b31df00000,0x000000b31e000000) (1024K)]
  0x0000021c6ee83ba0 JavaThread "C2 CompilerThread1"         daemon [_thread_blocked, id=27860, stack(0x000000b31e000000,0x000000b31e100000) (1024K)]
  0x0000021c6ee82730 JavaThread "C2 CompilerThread2"         daemon [_thread_blocked, id=28376, stack(0x000000b31e100000,0x000000b31e200000) (1024K)]
  0x0000021c6e8a75d0 JavaThread "Worker-2: Repository registry initialization"        [_thread_blocked, id=13868, stack(0x000000b31e200000,0x000000b31e300000) (1024K)]
  0x0000021c6e8a7c60 JavaThread "Java indexing"              daemon [_thread_blocked, id=28120, stack(0x000000b31e300000,0x000000b31e400000) (1024K)]
  0x0000021c6e8a9010 JavaThread "Worker-3: Updating workspace"        [_thread_blocked, id=956, stack(0x000000b31e400000,0x000000b31e500000) (1024K)]
  0x0000021c6ee82e00 JavaThread "C2 CompilerThread3"         daemon [_thread_in_native, id=4388, stack(0x000000b31e500000,0x000000b31e600000) (1024K)]
  0x0000021c6ee834d0 JavaThread "C2 CompilerThread4"         daemon [_thread_in_native, id=4516, stack(0x000000b31e600000,0x000000b31e700000) (1024K)]
  0x0000021c6ee84270 JavaThread "C2 CompilerThread5"         daemon [_thread_in_native, id=24568, stack(0x000000b31e700000,0x000000b31e800000) (1024K)]
  0x0000021c6e8a8980 JavaThread "Worker-4"                          [_thread_blocked, id=4100, stack(0x000000b31e800000,0x000000b31e900000) (1024K)]
  0x0000021c71169250 JavaThread "Worker-5"                          [_thread_blocked, id=20444, stack(0x000000b31e900000,0x000000b31ea00000) (1024K)]
  0x0000021c71166af0 JavaThread "Thread-1"                   daemon [_thread_in_native, id=12972, stack(0x000000b31ea00000,0x000000b31eb00000) (1024K)]
  0x0000021c711650b0 JavaThread "Thread-2"                   daemon [_thread_in_native, id=18388, stack(0x000000b31eb00000,0x000000b31ec00000) (1024K)]
  0x0000021c711698e0 JavaThread "Thread-3"                   daemon [_thread_in_native, id=26476, stack(0x000000b31ec00000,0x000000b31ed00000) (1024K)]
  0x0000021c7116a600 JavaThread "Thread-4"                   daemon [_thread_in_native, id=27724, stack(0x000000b31ed00000,0x000000b31ee00000) (1024K)]
  0x0000021c71167180 JavaThread "Thread-5"                   daemon [_thread_in_native, id=27768, stack(0x000000b31ee00000,0x000000b31ef00000) (1024K)]
  0x0000021c71167ea0 JavaThread "Thread-6"                   daemon [_thread_in_native, id=20888, stack(0x000000b31ef00000,0x000000b31f000000) (1024K)]
  0x0000021c71166460 JavaThread "Thread-7"                   daemon [_thread_in_native, id=28668, stack(0x000000b31f000000,0x000000b31f100000) (1024K)]
  0x0000021c71164390 JavaThread "Thread-8"                   daemon [_thread_in_native, id=6256, stack(0x000000b31f100000,0x000000b31f200000) (1024K)]
  0x0000021c71165740 JavaThread "Thread-9"                   daemon [_thread_in_native, id=1896, stack(0x000000b31f200000,0x000000b31f300000) (1024K)]
  0x0000021c71164a20 JavaThread "Thread-10"                  daemon [_thread_in_native, id=9232, stack(0x000000b31f300000,0x000000b31f400000) (1024K)]
  0x0000021c71168530 JavaThread "Thread-11"                  daemon [_thread_in_native, id=19536, stack(0x000000b31f400000,0x000000b31f500000) (1024K)]
  0x0000021c71165dd0 JavaThread "Thread-12"                  daemon [_thread_in_native, id=20908, stack(0x000000b31f500000,0x000000b31f600000) (1024K)]
  0x0000021c71169f70 JavaThread "Thread-13"                  daemon [_thread_in_native, id=9944, stack(0x000000b31f600000,0x000000b31f700000) (1024K)]
  0x0000021c7116ac90 JavaThread "Thread-14"                  daemon [_thread_in_native, id=24992, stack(0x000000b31f700000,0x000000b31f800000) (1024K)]
  0x0000021c7116b320 JavaThread "Thread-15"                  daemon [_thread_in_native, id=24104, stack(0x000000b31f800000,0x000000b31f900000) (1024K)]
  0x0000021c71167810 JavaThread "Thread-16"                  daemon [_thread_in_native, id=20172, stack(0x000000b31f900000,0x000000b31fa00000) (1024K)]
  0x0000021c71168bc0 JavaThread "Thread-17"                  daemon [_thread_in_native, id=2720, stack(0x000000b31fa00000,0x000000b31fb00000) (1024K)]
  0x0000021c7116b9b0 JavaThread "pool-2-thread-1"                   [_thread_blocked, id=21260, stack(0x000000b31fb00000,0x000000b31fc00000) (1024K)]
=>0x0000021c6ee84940 JavaThread "C2 CompilerThread6"         daemon [_thread_in_native, id=7008, stack(0x000000b31fc00000,0x000000b31fd00000) (1024K)]
  0x0000021c7453f770 JavaThread "ForkJoinPool.commonPool-worker-1" daemon [_thread_blocked, id=18988, stack(0x000000b31fe00000,0x000000b31ff00000) (1024K)]
  0x0000021c74540b20 JavaThread "ForkJoinPool.commonPool-worker-2" daemon [_thread_blocked, id=11296, stack(0x000000b31ff00000,0x000000b320000000) (1024K)]
  0x0000021c745411b0 JavaThread "ForkJoinPool.commonPool-worker-3" daemon [_thread_blocked, id=15284, stack(0x000000b320000000,0x000000b320100000) (1024K)]
  0x0000021c74541840 JavaThread "ForkJoinPool.commonPool-worker-4" daemon [_thread_blocked, id=12100, stack(0x000000b320100000,0x000000b320200000) (1024K)]
  0x0000021c74541ed0 JavaThread "ForkJoinPool.commonPool-worker-5" daemon [_thread_blocked, id=10092, stack(0x000000b320200000,0x000000b320300000) (1024K)]
  0x0000021c7453d010 JavaThread "ForkJoinPool.commonPool-worker-6" daemon [_thread_blocked, id=10140, stack(0x000000b320300000,0x000000b320400000) (1024K)]
  0x0000021c74542560 JavaThread "ForkJoinPool.commonPool-worker-7" daemon [_thread_blocked, id=14848, stack(0x000000b320400000,0x000000b320500000) (1024K)]
  0x0000021c74542bf0 JavaThread "ForkJoinPool.commonPool-worker-8" daemon [_thread_blocked, id=10764, stack(0x000000b320500000,0x000000b320600000) (1024K)]
  0x0000021c7453fe00 JavaThread "ForkJoinPool.commonPool-worker-9" daemon [_thread_blocked, id=19816, stack(0x000000b320600000,0x000000b320700000) (1024K)]
  0x0000021c74543280 JavaThread "ForkJoinPool.commonPool-worker-10" daemon [_thread_blocked, id=13720, stack(0x000000b320700000,0x000000b320800000) (1024K)]
  0x0000021c74543910 JavaThread "ForkJoinPool.commonPool-worker-11" daemon [_thread_blocked, id=15964, stack(0x000000b320800000,0x000000b320900000) (1024K)]
  0x0000021c7453ea50 JavaThread "ForkJoinPool.commonPool-worker-12" daemon [_thread_blocked, id=6680, stack(0x000000b320900000,0x000000b320a00000) (1024K)]
  0x0000021c7453dd30 JavaThread "ForkJoinPool.commonPool-worker-13" daemon [_thread_blocked, id=19648, stack(0x000000b320a00000,0x000000b320b00000) (1024K)]
  0x0000021c74543fa0 JavaThread "ForkJoinPool.commonPool-worker-14" daemon [_thread_blocked, id=25648, stack(0x000000b320b00000,0x000000b320c00000) (1024K)]
  0x0000021c74544630 JavaThread "ForkJoinPool.commonPool-worker-15" daemon [_thread_blocked, id=6752, stack(0x000000b320c00000,0x000000b320d00000) (1024K)]
  0x0000021c7453d6a0 JavaThread "WorkspaceEventsHandler"            [_thread_blocked, id=18000, stack(0x000000b320d00000,0x000000b320e00000) (1024K)]
  0x0000021c7453f0e0 JavaThread "pool-1-thread-1"                   [_thread_blocked, id=12040, stack(0x000000b320e00000,0x000000b320f00000) (1024K)]
  0x0000021c7453e3c0 JavaThread "LocalFile Deleter"          daemon [_thread_blocked, id=7764, stack(0x000000b320f00000,0x000000b321000000) (1024K)]
  0x0000021c74540490 JavaThread "LocalFile Deleter"          daemon [_thread_blocked, id=396, stack(0x000000b321000000,0x000000b321100000) (1024K)]
  0x0000021c71a04a90 JavaThread "LocalFile Deleter"          daemon [_thread_blocked, id=26472, stack(0x000000b321100000,0x000000b321200000) (1024K)]
  0x0000021c71a03050 JavaThread "LocalFile Deleter"          daemon [_thread_blocked, id=28004, stack(0x000000b321200000,0x000000b321300000) (1024K)]
  0x0000021c71a02330 JavaThread "LocalFile Deleter"          daemon [_thread_blocked, id=19300, stack(0x000000b321300000,0x000000b321400000) (1024K)]
  0x0000021c71a04400 JavaThread "LocalFile Deleter"          daemon [_thread_blocked, id=7524, stack(0x000000b321400000,0x000000b321500000) (1024K)]
  0x0000021c71a01ca0 JavaThread "LocalFile Deleter"          daemon [_thread_blocked, id=18320, stack(0x000000b321500000,0x000000b321600000) (1024K)]
  0x0000021c71a008f0 JavaThread "LocalFile Deleter"          daemon [_thread_blocked, id=27448, stack(0x000000b321600000,0x000000b321700000) (1024K)]
  0x0000021c71a029c0 JavaThread "LocalFile Deleter"          daemon [_thread_blocked, id=27728, stack(0x000000b321700000,0x000000b321800000) (1024K)]
  0x0000021c71a036e0 JavaThread "LocalFile Deleter"          daemon [_thread_blocked, id=1324, stack(0x000000b321800000,0x000000b321900000) (1024K)]
  0x0000021c71a05120 JavaThread "LocalFile Deleter"          daemon [_thread_blocked, id=12440, stack(0x000000b321900000,0x000000b321a00000) (1024K)]
  0x0000021c71a057b0 JavaThread "LocalFile Deleter"          daemon [_thread_blocked, id=25156, stack(0x000000b321a00000,0x000000b321b00000) (1024K)]
  0x0000021c71a06b60 JavaThread "LocalFile Deleter"          daemon [_thread_blocked, id=27884, stack(0x000000b321b00000,0x000000b321c00000) (1024K)]
  0x0000021c71a05e40 JavaThread "LocalFile Deleter"          daemon [_thread_blocked, id=16412, stack(0x000000b321c00000,0x000000b321d00000) (1024K)]
  0x0000021c71a064d0 JavaThread "LocalFile Deleter"          daemon [_thread_blocked, id=21092, stack(0x000000b321d00000,0x000000b321e00000) (1024K)]
  0x0000021c71a071f0 JavaThread "LocalFile Deleter"          daemon [_thread_blocked, id=27144, stack(0x000000b321e00000,0x000000b321f00000) (1024K)]
  0x0000021c71a03d70 JavaThread "Compiler Source File Reader" daemon [_thread_blocked, id=28008, stack(0x000000b321f00000,0x000000b322000000) (1024K)]
  0x0000021c71a07880 JavaThread "Compiler Source File Reader" daemon [_thread_blocked, id=25440, stack(0x000000b322000000,0x000000b322100000) (1024K)]
  0x0000021c71a07f10 JavaThread "Compiler Source File Reader" daemon [_thread_blocked, id=11712, stack(0x000000b322100000,0x000000b322200000) (1024K)]
  0x0000021c71a00f80 JavaThread "Compiler Source File Reader" daemon [_thread_blocked, id=28348, stack(0x000000b322200000,0x000000b322300000) (1024K)]
  0x0000021c71a01610 JavaThread "Compiler Source File Reader" daemon [_thread_blocked, id=8564, stack(0x000000b322300000,0x000000b322400000) (1024K)]
  0x0000021c7078d760 JavaThread "Compiler Source File Reader" daemon [_thread_blocked, id=27380, stack(0x000000b322400000,0x000000b322500000) (1024K)]
  0x0000021c70790550 JavaThread "Compiler Source File Reader" daemon [_thread_blocked, id=25104, stack(0x000000b322500000,0x000000b322600000) (1024K)]
  0x0000021c7078fec0 JavaThread "Compiler Source File Reader" daemon [_thread_blocked, id=18372, stack(0x000000b322600000,0x000000b322700000) (1024K)]
  0x0000021c70790be0 JavaThread "Compiler Source File Reader" daemon [_thread_blocked, id=28160, stack(0x000000b322700000,0x000000b322800000) (1024K)]
  0x0000021c7078f830 JavaThread "Compiler Source File Reader" daemon [_thread_blocked, id=28264, stack(0x000000b322800000,0x000000b322900000) (1024K)]
  0x0000021c7078ddf0 JavaThread "Compiler Source File Reader" daemon [_thread_blocked, id=28128, stack(0x000000b322900000,0x000000b322a00000) (1024K)]
  0x0000021c7078e480 JavaThread "Compiler Source File Reader" daemon [_thread_blocked, id=22584, stack(0x000000b322a00000,0x000000b322b00000) (1024K)]
  0x0000021c7078eb10 JavaThread "Compiler Source File Reader" daemon [_thread_blocked, id=27716, stack(0x000000b322b00000,0x000000b322c00000) (1024K)]
  0x0000021c7078f1a0 JavaThread "Compiler Source File Reader" daemon [_thread_blocked, id=28524, stack(0x000000b322c00000,0x000000b322d00000) (1024K)]
Total: 100

Other Threads:
  0x0000021c680532d0 VMThread "VM Thread"                           [id=28024, stack(0x000000b31bc00000,0x000000b31bd00000) (1024K)]
  0x0000021c2596ca10 WatcherThread "VM Periodic Task Thread"        [id=27596, stack(0x000000b31bb00000,0x000000b31bc00000) (1024K)]
  0x0000021c0f00c340 WorkerThread "GC Thread#0"                     [id=24240, stack(0x000000b31ba00000,0x000000b31bb00000) (1024K)]
  0x0000021c6e0c94d0 WorkerThread "GC Thread#1"                     [id=27576, stack(0x000000b31cc00000,0x000000b31cd00000) (1024K)]
  0x0000021c6e1f9a80 WorkerThread "GC Thread#2"                     [id=27996, stack(0x000000b31cd00000,0x000000b31ce00000) (1024K)]
  0x0000021c6e1f9e20 WorkerThread "GC Thread#3"                     [id=11024, stack(0x000000b31ce00000,0x000000b31cf00000) (1024K)]
  0x0000021c6e1fa1c0 WorkerThread "GC Thread#4"                     [id=16748, stack(0x000000b31cf00000,0x000000b31d000000) (1024K)]
  0x0000021c6e1fa560 WorkerThread "GC Thread#5"                     [id=19072, stack(0x000000b31d000000,0x000000b31d100000) (1024K)]
  0x0000021c6e1fad00 WorkerThread "GC Thread#6"                     [id=22800, stack(0x000000b31d100000,0x000000b31d200000) (1024K)]
  0x0000021c69e52190 WorkerThread "GC Thread#7"                     [id=27904, stack(0x000000b31d400000,0x000000b31d500000) (1024K)]
  0x0000021c69e51310 WorkerThread "GC Thread#8"                     [id=28188, stack(0x000000b31d800000,0x000000b31d900000) (1024K)]
  0x0000021c69e51a50 WorkerThread "GC Thread#9"                     [id=14716, stack(0x000000b31d900000,0x000000b31da00000) (1024K)]
  0x0000021c69e516b0 WorkerThread "GC Thread#10"                    [id=9676, stack(0x000000b31da00000,0x000000b31db00000) (1024K)]
  0x0000021c69e51df0 WorkerThread "GC Thread#11"                    [id=9832, stack(0x000000b31dd00000,0x000000b31de00000) (1024K)]
  0x0000021c69e528d0 WorkerThread "GC Thread#12"                    [id=26092, stack(0x000000b31c800000,0x000000b31c900000) (1024K)]
Total: 15

Threads with active compile tasks:
C2 CompilerThread0  9289 6873   !   4       org.eclipse.osgi.internal.loader.classpath.ClasspathManager::defineClass (636 bytes)
C1 CompilerThread1  9290 7126       3       com.google.common.cache.LocalCache$Segment::expireEntries (113 bytes)
C1 CompilerThread2  9290 7130       3       com.google.inject.internal.BindingProcessor::visit (109 bytes)
C1 CompilerThread3  9291 7128       3       com.google.inject.spi.DefaultBindingTargetVisitor::<init> (5 bytes)
C2 CompilerThread1  9291 7059 %     4       java.util.Arrays::fill @ 5 (21 bytes)
C2 CompilerThread2  9291 6969   !   4       org.eclipse.osgi.internal.loader.BundleLoader::findClass0 (490 bytes)
C2 CompilerThread3  9291 6904       4       java.lang.invoke.MethodType::makeImpl (109 bytes)
C2 CompilerThread4  9292 7052       4       org.eclipse.core.runtime.Path::computeLength (100 bytes)
C2 CompilerThread5  9292 7041 %     4       java.util.zip.ZipFile$Source::initCEN @ 261 (612 bytes)
C2 CompilerThread6  9293 6739   !   4       org.eclipse.osgi.internal.loader.BundleLoader::findLocalClass (159 bytes)
Total: 10

VM state: not at safepoint (normal execution)

VM Mutex/Monitor currently owned by a thread: None

Heap address: 0x0000000080000000, size: 2048 MB, Compressed Oops mode: 32-bit

CDS archive(s) mapped at: [0x0000021c26000000-0x0000021c26ba0000-0x0000021c26ba0000), size 12189696, SharedBaseAddress: 0x0000021c26000000, ArchiveRelocationMode: 1.
Compressed class space mapped at: 0x0000021c27000000-0x0000021c67000000, reserved size: 1073741824
Narrow klass base: 0x0000021c26000000, Narrow klass shift: 0, Narrow klass range: 0x100000000

GC Precious Log:
 CardTable entry size: 512
 CPUs: 16 total, 16 available
 Memory: 15710M
 Large Page Support: Disabled
 NUMA Support: Disabled
 Compressed Oops: Enabled (32-bit)
 Alignments: Space 512K, Generation 512K, Heap 2M
 Heap Min Capacity: 100M
 Heap Initial Capacity: 100M
 Heap Max Capacity: 2G
 Pre-touch: Disabled
 Parallel Workers: 13

Heap:
 PSYoungGen      total 22528K, used 2943K [0x00000000d5580000, 0x00000000d6e00000, 0x0000000100000000)
  eden space 22016K, 11% used [0x00000000d5580000,0x00000000d57e0248,0x00000000d6b00000)
  from space 512K, 99% used [0x00000000d6d80000,0x00000000d6dffa50,0x00000000d6e00000)
  to   space 1024K, 0% used [0x00000000d6c80000,0x00000000d6c80000,0x00000000d6d80000)
 ParOldGen       total 68608K, used 48995K [0x0000000080000000, 0x0000000084300000, 0x00000000d5580000)
  object space 68608K, 71% used [0x0000000080000000,0x0000000082fd8c10,0x0000000084300000)
 Metaspace       used 49667K, committed 50944K, reserved 1114112K
  class space    used 5339K, committed 5888K, reserved 1048576K

Card table byte_map: [0x0000021c0e990000,0x0000021c0eda0000] _byte_map_base: 0x0000021c0e590000

Marking Bits: (ParMarkBitMap*) 0x00007ffb9a26a340
 Begin Bits: [0x0000021c21490000, 0x0000021c23490000)
 End Bits:   [0x0000021c23490000, 0x0000021c25490000)

Polling page: 0x0000021c0ce50000

Metaspace:

Usage:
  Non-class:     43.29 MB used.
      Class:      5.21 MB used.
       Both:     48.50 MB used.

Virtual space:
  Non-class space:       64.00 MB reserved,      44.00 MB ( 69%) committed,  1 nodes.
      Class space:        1.00 GB reserved,       5.75 MB ( <1%) committed,  1 nodes.
             Both:        1.06 GB reserved,      49.75 MB (  5%) committed. 

Chunk freelists:
   Non-Class:  3.70 MB
       Class:  10.11 MB
        Both:  13.81 MB

MaxMetaspaceSize: unlimited
CompressedClassSpaceSize: 1.00 GB
Initial GC threshold: 21.00 MB
Current GC threshold: 58.38 MB
CDS: on
 - commit_granule_bytes: 65536.
 - commit_granule_words: 8192.
 - virtual_space_node_default_size: 8388608.
 - enlarge_chunks_in_place: 1.
 - use_allocation_guard: 0.


Internal statistics:

num_allocs_failed_limit: 8.
num_arena_births: 1002.
num_arena_deaths: 14.
num_vsnodes_births: 2.
num_vsnodes_deaths: 0.
num_space_committed: 796.
num_space_uncommitted: 0.
num_chunks_returned_to_freelist: 22.
num_chunks_taken_from_freelist: 3386.
num_chunk_merges: 11.
num_chunk_splits: 2022.
num_chunks_enlarged: 1002.
num_inconsistent_stats: 0.

CodeHeap 'non-profiled nmethods': size=119168Kb used=3436Kb max_used=3436Kb free=115731Kb
 bounds [0x0000021c19d80000, 0x0000021c1a0e0000, 0x0000021c211e0000]
CodeHeap 'profiled nmethods': size=119104Kb used=13318Kb max_used=13318Kb free=105785Kb
 bounds [0x0000021c121e0000, 0x0000021c12ef0000, 0x0000021c19630000]
CodeHeap 'non-nmethods': size=7488Kb used=3080Kb max_used=3165Kb free=4407Kb
 bounds [0x0000021c19630000, 0x0000021c19950000, 0x0000021c19d80000]
CodeCache: size=245760Kb, used=19834Kb, max_used=19919Kb, free=225923Kb
 total_blobs=7231, nmethods=6536, adapters=598, full_count=0
Compilation: enabled, stopped_count=0, restarted_count=0

Compilation events (20 events):
Event: 9.148 Thread 0x0000021c68066840 7042       3       org.eclipse.jdt.internal.core.builder.ClasspathJar::addToPackageSet (54 bytes)
Event: 9.151 Thread 0x0000021c68066840 nmethod 7042 0x0000021c12eb0490 code [0x0000021c12eb0720, 0x0000021c12eb1208]
Event: 9.152 Thread 0x0000021c6ee834d0 nmethod 7036 0x0000021c1a0d3e10 code [0x0000021c1a0d3fc0, 0x0000021c1a0d44b0]
Event: 9.153 Thread 0x0000021c6ee83ba0 nmethod 7037 0x0000021c1a0d4690 code [0x0000021c1a0d4840, 0x0000021c1a0d4d60]
Event: 9.155 Thread 0x0000021c6ee83ba0 7043       4       java.util.ImmutableCollections$SetN::probe (56 bytes)
Event: 9.161 Thread 0x0000021c6ee83ba0 nmethod 7043 0x0000021c1a0d4f90 code [0x0000021c1a0d5140, 0x0000021c1a0d53b8]
Event: 9.161 Thread 0x0000021c6812dc70 7044       3       java.util.TreeMap::put (221 bytes)
Event: 9.163 Thread 0x0000021c6812dc70 nmethod 7044 0x0000021c12eb1690 code [0x0000021c12eb1900, 0x0000021c12eb23e8]
Event: 9.170 Thread 0x0000021c6ee834d0 7045       4       org.eclipse.jdt.internal.core.builder.ClasspathJar::addToPackageSet (54 bytes)
Event: 9.203 Thread 0x0000021c68066840 7046       3       org.eclipse.core.internal.dtree.DeltaDataTree::getChildNodes (176 bytes)
Event: 9.203 Thread 0x0000021c6812dc70 7047       3       org.eclipse.core.internal.dtree.DeltaDataTree::getData (135 bytes)
Event: 9.203 Thread 0x0000021c681ca700 7048       1       org.eclipse.core.internal.resources.ResourceInfo::getNodeId (5 bytes)
Event: 9.204 Thread 0x0000021c681ca700 nmethod 7048 0x0000021c1a0d5590 code [0x0000021c1a0d5720, 0x0000021c1a0d57f0]
Event: 9.204 Thread 0x0000021c6836d040 7049       3       org.eclipse.core.internal.events.ResourceDelta::getKind (9 bytes)
Event: 9.205 Thread 0x0000021c681ca700 7050       3       org.eclipse.core.internal.resources.ProjectDescription::getNatureIds (33 bytes)
Event: 9.208 Thread 0x0000021c6836d040 nmethod 7049 0x0000021c12eb2710 code [0x0000021c12eb28a0, 0x0000021c12eb29c0]
Event: 9.210 Thread 0x0000021c681ca700 nmethod 7050 0x0000021c12eb2a90 code [0x0000021c12eb2c60, 0x0000021c12eb2ff8]
Event: 9.211 Thread 0x0000021c6812dc70 nmethod 7047 0x0000021c12eb3110 code [0x0000021c12eb33e0, 0x0000021c12eb42c8]
Event: 9.213 Thread 0x0000021c68066840 nmethod 7046 0x0000021c12eb4810 code [0x0000021c12eb4b00, 0x0000021c12eb5b78]
Event: 9.219 Thread 0x0000021c6ee83ba0 7051       4       java.lang.ClassLoader::getDefinedPackage (36 bytes)

GC Heap History (20 events):
Event: 6.570 GC heap before
{Heap before GC invocations=18 (full 2):
 PSYoungGen      total 25088K, used 25073K [0x00000000d5580000, 0x00000000d7f00000, 0x0000000100000000)
  eden space 22016K, 100% used [0x00000000d5580000,0x00000000d6b00000,0x00000000d6b00000)
  from space 3072K, 99% used [0x00000000d6b00000,0x00000000d6dfc6d0,0x00000000d6e00000)
  to   space 10240K, 0% used [0x00000000d7500000,0x00000000d7500000,0x00000000d7f00000)
 ParOldGen       total 68608K, used 25299K [0x0000000080000000, 0x0000000084300000, 0x00000000d5580000)
  object space 68608K, 36% used [0x0000000080000000,0x00000000818b4e40,0x0000000084300000)
 Metaspace       used 38539K, committed 39744K, reserved 1114112K
  class space    used 4020K, committed 4544K, reserved 1048576K
}
Event: 6.574 GC heap after
{Heap after GC invocations=18 (full 2):
 PSYoungGen      total 26624K, used 4449K [0x00000000d5580000, 0x00000000d7980000, 0x0000000100000000)
  eden space 22016K, 0% used [0x00000000d5580000,0x00000000d5580000,0x00000000d6b00000)
  from space 4608K, 96% used [0x00000000d7500000,0x00000000d7958420,0x00000000d7980000)
  to   space 6144K, 0% used [0x00000000d6d80000,0x00000000d6d80000,0x00000000d7380000)
 ParOldGen       total 68608K, used 28373K [0x0000000080000000, 0x0000000084300000, 0x00000000d5580000)
  object space 68608K, 41% used [0x0000000080000000,0x0000000081bb56a8,0x0000000084300000)
 Metaspace       used 38539K, committed 39744K, reserved 1114112K
  class space    used 4020K, committed 4544K, reserved 1048576K
}
Event: 6.706 GC heap before
{Heap before GC invocations=19 (full 2):
 PSYoungGen      total 26624K, used 26465K [0x00000000d5580000, 0x00000000d7980000, 0x0000000100000000)
  eden space 22016K, 100% used [0x00000000d5580000,0x00000000d6b00000,0x00000000d6b00000)
  from space 4608K, 96% used [0x00000000d7500000,0x00000000d7958420,0x00000000d7980000)
  to   space 6144K, 0% used [0x00000000d6d80000,0x00000000d6d80000,0x00000000d7380000)
 ParOldGen       total 68608K, used 28373K [0x0000000080000000, 0x0000000084300000, 0x00000000d5580000)
  object space 68608K, 41% used [0x0000000080000000,0x0000000081bb56a8,0x0000000084300000)
 Metaspace       used 39056K, committed 40256K, reserved 1114112K
  class space    used 4099K, committed 4672K, reserved 1048576K
}
Event: 6.710 GC heap after
{Heap after GC invocations=19 (full 2):
 PSYoungGen      total 24576K, used 2221K [0x00000000d5580000, 0x00000000d7580000, 0x0000000100000000)
  eden space 22016K, 0% used [0x00000000d5580000,0x00000000d5580000,0x00000000d6b00000)
  from space 2560K, 86% used [0x00000000d6d80000,0x00000000d6fab630,0x00000000d7000000)
  to   space 3584K, 0% used [0x00000000d7200000,0x00000000d7200000,0x00000000d7580000)
 ParOldGen       total 68608K, used 32462K [0x0000000080000000, 0x0000000084300000, 0x00000000d5580000)
  object space 68608K, 47% used [0x0000000080000000,0x0000000081fb3aa8,0x0000000084300000)
 Metaspace       used 39056K, committed 40256K, reserved 1114112K
  class space    used 4099K, committed 4672K, reserved 1048576K
}
Event: 6.783 GC heap before
{Heap before GC invocations=20 (full 2):
 PSYoungGen      total 24576K, used 24237K [0x00000000d5580000, 0x00000000d7580000, 0x0000000100000000)
  eden space 22016K, 100% used [0x00000000d5580000,0x00000000d6b00000,0x00000000d6b00000)
  from space 2560K, 86% used [0x00000000d6d80000,0x00000000d6fab630,0x00000000d7000000)
  to   space 3584K, 0% used [0x00000000d7200000,0x00000000d7200000,0x00000000d7580000)
 ParOldGen       total 68608K, used 32462K [0x0000000080000000, 0x0000000084300000, 0x00000000d5580000)
  object space 68608K, 47% used [0x0000000080000000,0x0000000081fb3aa8,0x0000000084300000)
 Metaspace       used 39403K, committed 40576K, reserved 1114112K
  class space    used 4142K, committed 4672K, reserved 1048576K
}
Event: 6.787 GC heap after
{Heap after GC invocations=20 (full 2):
 PSYoungGen      total 24576K, used 2338K [0x00000000d5580000, 0x00000000d7480000, 0x0000000100000000)
  eden space 22016K, 0% used [0x00000000d5580000,0x00000000d5580000,0x00000000d6b00000)
  from space 2560K, 91% used [0x00000000d7200000,0x00000000d7448800,0x00000000d7480000)
  to   space 2560K, 0% used [0x00000000d6d80000,0x00000000d6d80000,0x00000000d7000000)
 ParOldGen       total 68608K, used 34329K [0x0000000080000000, 0x0000000084300000, 0x00000000d5580000)
  object space 68608K, 50% used [0x0000000080000000,0x00000000821867b0,0x0000000084300000)
 Metaspace       used 39403K, committed 40576K, reserved 1114112K
  class space    used 4142K, committed 4672K, reserved 1048576K
}
Event: 6.863 GC heap before
{Heap before GC invocations=21 (full 2):
 PSYoungGen      total 24576K, used 24354K [0x00000000d5580000, 0x00000000d7480000, 0x0000000100000000)
  eden space 22016K, 100% used [0x00000000d5580000,0x00000000d6b00000,0x00000000d6b00000)
  from space 2560K, 91% used [0x00000000d7200000,0x00000000d7448800,0x00000000d7480000)
  to   space 2560K, 0% used [0x00000000d6d80000,0x00000000d6d80000,0x00000000d7000000)
 ParOldGen       total 68608K, used 34329K [0x0000000080000000, 0x0000000084300000, 0x00000000d5580000)
  object space 68608K, 50% used [0x0000000080000000,0x00000000821867b0,0x0000000084300000)
 Metaspace       used 39776K, committed 41024K, reserved 1114112K
  class space    used 4177K, committed 4736K, reserved 1048576K
}
Event: 6.867 GC heap after
{Heap after GC invocations=21 (full 2):
 PSYoungGen      total 24576K, used 2404K [0x00000000d5580000, 0x00000000d7280000, 0x0000000100000000)
  eden space 22016K, 0% used [0x00000000d5580000,0x00000000d5580000,0x00000000d6b00000)
  from space 2560K, 93% used [0x00000000d6d80000,0x00000000d6fd9000,0x00000000d7000000)
  to   space 2560K, 0% used [0x00000000d7000000,0x00000000d7000000,0x00000000d7280000)
 ParOldGen       total 68608K, used 36312K [0x0000000080000000, 0x0000000084300000, 0x00000000d5580000)
  object space 68608K, 52% used [0x0000000080000000,0x0000000082376170,0x0000000084300000)
 Metaspace       used 39776K, committed 41024K, reserved 1114112K
  class space    used 4177K, committed 4736K, reserved 1048576K
}
Event: 6.960 GC heap before
{Heap before GC invocations=22 (full 2):
 PSYoungGen      total 24576K, used 24420K [0x00000000d5580000, 0x00000000d7280000, 0x0000000100000000)
  eden space 22016K, 100% used [0x00000000d5580000,0x00000000d6b00000,0x00000000d6b00000)
  from space 2560K, 93% used [0x00000000d6d80000,0x00000000d6fd9000,0x00000000d7000000)
  to   space 2560K, 0% used [0x00000000d7000000,0x00000000d7000000,0x00000000d7280000)
 ParOldGen       total 68608K, used 36312K [0x0000000080000000, 0x0000000084300000, 0x00000000d5580000)
  object space 68608K, 52% used [0x0000000080000000,0x0000000082376170,0x0000000084300000)
 Metaspace       used 40053K, committed 41280K, reserved 1114112K
  class space    used 4203K, committed 4736K, reserved 1048576K
}
Event: 6.964 GC heap after
{Heap after GC invocations=22 (full 2):
 PSYoungGen      total 24576K, used 2528K [0x00000000d5580000, 0x00000000d7500000, 0x0000000100000000)
  eden space 22016K, 0% used [0x00000000d5580000,0x00000000d5580000,0x00000000d6b00000)
  from space 2560K, 98% used [0x00000000d7000000,0x00000000d7278010,0x00000000d7280000)
  to   space 5120K, 0% used [0x00000000d6b00000,0x00000000d6b00000,0x00000000d7000000)
 ParOldGen       total 68608K, used 38500K [0x0000000080000000, 0x0000000084300000, 0x00000000d5580000)
  object space 68608K, 56% used [0x0000000080000000,0x0000000082599040,0x0000000084300000)
 Metaspace       used 40053K, committed 41280K, reserved 1114112K
  class space    used 4203K, committed 4736K, reserved 1048576K
}
Event: 7.045 GC heap before
{Heap before GC invocations=23 (full 2):
 PSYoungGen      total 24576K, used 24544K [0x00000000d5580000, 0x00000000d7500000, 0x0000000100000000)
  eden space 22016K, 100% used [0x00000000d5580000,0x00000000d6b00000,0x00000000d6b00000)
  from space 2560K, 98% used [0x00000000d7000000,0x00000000d7278010,0x00000000d7280000)
  to   space 5120K, 0% used [0x00000000d6b00000,0x00000000d6b00000,0x00000000d7000000)
 ParOldGen       total 68608K, used 38500K [0x0000000080000000, 0x0000000084300000, 0x00000000d5580000)
  object space 68608K, 56% used [0x0000000080000000,0x0000000082599040,0x0000000084300000)
 Metaspace       used 40265K, committed 41472K, reserved 1114112K
  class space    used 4230K, committed 4736K, reserved 1048576K
}
Event: 7.049 GC heap after
{Heap after GC invocations=23 (full 2):
 PSYoungGen      total 24576K, used 2176K [0x00000000d5580000, 0x00000000d7200000, 0x0000000100000000)
  eden space 22016K, 0% used [0x00000000d5580000,0x00000000d5580000,0x00000000d6b00000)
  from space 2560K, 85% used [0x00000000d6b00000,0x00000000d6d20000,0x00000000d6d80000)
  to   space 3584K, 0% used [0x00000000d6e80000,0x00000000d6e80000,0x00000000d7200000)
 ParOldGen       total 68608K, used 40868K [0x0000000080000000, 0x0000000084300000, 0x00000000d5580000)
  object space 68608K, 59% used [0x0000000080000000,0x00000000827e9050,0x0000000084300000)
 Metaspace       used 40265K, committed 41472K, reserved 1114112K
  class space    used 4230K, committed 4736K, reserved 1048576K
}
Event: 7.377 GC heap before
{Heap before GC invocations=24 (full 2):
 PSYoungGen      total 24576K, used 24184K [0x00000000d5580000, 0x00000000d7200000, 0x0000000100000000)
  eden space 22016K, 99% used [0x00000000d5580000,0x00000000d6afe278,0x00000000d6b00000)
  from space 2560K, 85% used [0x00000000d6b00000,0x00000000d6d20000,0x00000000d6d80000)
  to   space 3584K, 0% used [0x00000000d6e80000,0x00000000d6e80000,0x00000000d7200000)
 ParOldGen       total 68608K, used 40868K [0x0000000080000000, 0x0000000084300000, 0x00000000d5580000)
  object space 68608K, 59% used [0x0000000080000000,0x00000000827e9050,0x0000000084300000)
 Metaspace       used 42678K, committed 43904K, reserved 1114112K
  class space    used 4470K, committed 4992K, reserved 1048576K
}
Event: 7.382 GC heap after
{Heap after GC invocations=24 (full 2):
 PSYoungGen      total 23552K, used 1529K [0x00000000d5580000, 0x00000000d7000000, 0x0000000100000000)
  eden space 22016K, 0% used [0x00000000d5580000,0x00000000d5580000,0x00000000d6b00000)
  from space 1536K, 99% used [0x00000000d6e80000,0x00000000d6ffe488,0x00000000d7000000)
  to   space 2048K, 0% used [0x00000000d6c00000,0x00000000d6c00000,0x00000000d6e00000)
 ParOldGen       total 68608K, used 42796K [0x0000000080000000, 0x0000000084300000, 0x00000000d5580000)
  object space 68608K, 62% used [0x0000000080000000,0x00000000829cb250,0x0000000084300000)
 Metaspace       used 42678K, committed 43904K, reserved 1114112K
  class space    used 4470K, committed 4992K, reserved 1048576K
}
Event: 7.854 GC heap before
{Heap before GC invocations=25 (full 2):
 PSYoungGen      total 23552K, used 23545K [0x00000000d5580000, 0x00000000d7000000, 0x0000000100000000)
  eden space 22016K, 100% used [0x00000000d5580000,0x00000000d6b00000,0x00000000d6b00000)
  from space 1536K, 99% used [0x00000000d6e80000,0x00000000d6ffe488,0x00000000d7000000)
  to   space 2048K, 0% used [0x00000000d6c00000,0x00000000d6c00000,0x00000000d6e00000)
 ParOldGen       total 68608K, used 42796K [0x0000000080000000, 0x0000000084300000, 0x00000000d5580000)
  object space 68608K, 62% used [0x0000000080000000,0x00000000829cb250,0x0000000084300000)
 Metaspace       used 45040K, committed 46272K, reserved 1114112K
  class space    used 4772K, committed 5312K, reserved 1048576K
}
Event: 7.858 GC heap after
{Heap after GC invocations=25 (full 2):
 PSYoungGen      total 23552K, used 1216K [0x00000000d5580000, 0x00000000d6f00000, 0x0000000100000000)
  eden space 22016K, 0% used [0x00000000d5580000,0x00000000d5580000,0x00000000d6b00000)
  from space 1536K, 79% used [0x00000000d6c00000,0x00000000d6d303e0,0x00000000d6d80000)
  to   space 1536K, 0% used [0x00000000d6d80000,0x00000000d6d80000,0x00000000d6f00000)
 ParOldGen       total 68608K, used 43975K [0x0000000080000000, 0x0000000084300000, 0x00000000d5580000)
  object space 68608K, 64% used [0x0000000080000000,0x0000000082af1f40,0x0000000084300000)
 Metaspace       used 45040K, committed 46272K, reserved 1114112K
  class space    used 4772K, committed 5312K, reserved 1048576K
}
Event: 8.271 GC heap before
{Heap before GC invocations=26 (full 2):
 PSYoungGen      total 23552K, used 23232K [0x00000000d5580000, 0x00000000d6f00000, 0x0000000100000000)
  eden space 22016K, 100% used [0x00000000d5580000,0x00000000d6b00000,0x00000000d6b00000)
  from space 1536K, 79% used [0x00000000d6c00000,0x00000000d6d303e0,0x00000000d6d80000)
  to   space 1536K, 0% used [0x00000000d6d80000,0x00000000d6d80000,0x00000000d6f00000)
 ParOldGen       total 68608K, used 43975K [0x0000000080000000, 0x0000000084300000, 0x00000000d5580000)
  object space 68608K, 64% used [0x0000000080000000,0x0000000082af1f40,0x0000000084300000)
 Metaspace       used 46375K, committed 47552K, reserved 1114112K
  class space    used 4968K, committed 5504K, reserved 1048576K
}
Event: 8.273 GC heap after
{Heap after GC invocations=26 (full 2):
 PSYoungGen      total 23040K, used 736K [0x00000000d5580000, 0x00000000d6e80000, 0x0000000100000000)
  eden space 22016K, 0% used [0x00000000d5580000,0x00000000d5580000,0x00000000d6b00000)
  from space 1024K, 71% used [0x00000000d6d80000,0x00000000d6e38000,0x00000000d6e80000)
  to   space 1024K, 0% used [0x00000000d6c80000,0x00000000d6c80000,0x00000000d6d80000)
 ParOldGen       total 68608K, used 44983K [0x0000000080000000, 0x0000000084300000, 0x00000000d5580000)
  object space 68608K, 65% used [0x0000000080000000,0x0000000082bedf28,0x0000000084300000)
 Metaspace       used 46375K, committed 47552K, reserved 1114112K
  class space    used 4968K, committed 5504K, reserved 1048576K
}
Event: 8.865 GC heap before
{Heap before GC invocations=27 (full 2):
 PSYoungGen      total 23040K, used 22752K [0x00000000d5580000, 0x00000000d6e80000, 0x0000000100000000)
  eden space 22016K, 100% used [0x00000000d5580000,0x00000000d6b00000,0x00000000d6b00000)
  from space 1024K, 71% used [0x00000000d6d80000,0x00000000d6e38000,0x00000000d6e80000)
  to   space 1024K, 0% used [0x00000000d6c80000,0x00000000d6c80000,0x00000000d6d80000)
 ParOldGen       total 68608K, used 44983K [0x0000000080000000, 0x0000000084300000, 0x00000000d5580000)
  object space 68608K, 65% used [0x0000000080000000,0x0000000082bedf28,0x0000000084300000)
 Metaspace       used 48183K, committed 49408K, reserved 1114112K
  class space    used 5174K, committed 5696K, reserved 1048576K
}
Event: 8.868 GC heap after
{Heap after GC invocations=27 (full 2):
 PSYoungGen      total 23040K, used 832K [0x00000000d5580000, 0x00000000d6e00000, 0x0000000100000000)
  eden space 22016K, 0% used [0x00000000d5580000,0x00000000d5580000,0x00000000d6b00000)
  from space 1024K, 81% used [0x00000000d6c80000,0x00000000d6d50000,0x00000000d6d80000)
  to   space 512K, 0% used [0x00000000d6d80000,0x00000000d6d80000,0x00000000d6e00000)
 ParOldGen       total 68608K, used 45479K [0x0000000080000000, 0x0000000084300000, 0x00000000d5580000)
  object space 68608K, 66% used [0x0000000080000000,0x0000000082c69f28,0x0000000084300000)
 Metaspace       used 48183K, committed 49408K, reserved 1114112K
  class space    used 5174K, committed 5696K, reserved 1048576K
}

Dll operation events (10 events):
Event: 0.011 Loaded shared library c:\Users\kavin\.vscode\extensions\redhat.java-1.47.0-win32-x64\jre\21.0.8-win32-x86_64\bin\java.dll
Event: 0.096 Loaded shared library c:\Users\kavin\.vscode\extensions\redhat.java-1.47.0-win32-x64\jre\21.0.8-win32-x86_64\bin\zip.dll
Event: 0.124 Loaded shared library C:\Users\kavin\.vscode\extensions\redhat.java-1.47.0-win32-x64\jre\21.0.8-win32-x86_64\bin\instrument.dll
Event: 0.130 Loaded shared library C:\Users\kavin\.vscode\extensions\redhat.java-1.47.0-win32-x64\jre\21.0.8-win32-x86_64\bin\net.dll
Event: 0.133 Loaded shared library C:\Users\kavin\.vscode\extensions\redhat.java-1.47.0-win32-x64\jre\21.0.8-win32-x86_64\bin\nio.dll
Event: 0.137 Loaded shared library C:\Users\kavin\.vscode\extensions\redhat.java-1.47.0-win32-x64\jre\21.0.8-win32-x86_64\bin\zip.dll
Event: 0.160 Loaded shared library C:\Users\kavin\.vscode\extensions\redhat.java-1.47.0-win32-x64\jre\21.0.8-win32-x86_64\bin\jimage.dll
Event: 0.269 Loaded shared library c:\Users\kavin\.vscode\extensions\redhat.java-1.47.0-win32-x64\jre\21.0.8-win32-x86_64\bin\verify.dll
Event: 1.912 Loaded shared library C:\Users\kavin\AppData\Roaming\Code\User\globalStorage\redhat.java\1.47.0\config_win\org.eclipse.equinox.launcher\org.eclipse.equinox.launcher.win32.win32.x86_64_1.2.1400.v20250801-0854\eclipse_11916.dll
Event: 3.629 Loaded shared library C:\Users\kavin\AppData\Local\Temp\jna-101823237\jna11323623000996428234.dll

Deoptimization events (20 events):
Event: 8.324 Thread 0x0000021c6e8a75d0 DEOPT PACKING pc=0x0000021c1a082be8 sp=0x000000b31e2fe320
Event: 8.324 Thread 0x0000021c6e8a75d0 DEOPT UNPACKING pc=0x0000021c19683aa2 sp=0x000000b31e2fe2a0 mode 2
Event: 8.324 Thread 0x0000021c6e8a75d0 Uncommon trap: trap_request=0xffffffd6 fr.pc=0x0000021c1a082be8 relative=0x00000000000000c8
Event: 8.325 Thread 0x0000021c6e8a75d0 Uncommon trap: reason=array_check action=maybe_recompile pc=0x0000021c1a082be8 method=java.util.stream.Nodes$FixedNodeBuilder.accept(Ljava/lang/Object;)V @ 28 c2
Event: 8.325 Thread 0x0000021c6e8a75d0 DEOPT PACKING pc=0x0000021c1a082be8 sp=0x000000b31e2fe320
Event: 8.325 Thread 0x0000021c6e8a75d0 DEOPT UNPACKING pc=0x0000021c19683aa2 sp=0x000000b31e2fe2a0 mode 2
Event: 8.728 Thread 0x0000021c6e8aaa50 DEOPT PACKING pc=0x0000021c127ed239 sp=0x000000b31dffbdd0
Event: 8.728 Thread 0x0000021c6e8aaa50 DEOPT UNPACKING pc=0x0000021c19684242 sp=0x000000b31dffb2d0 mode 0
Event: 8.874 Thread 0x0000021c6e8aaa50 Uncommon trap: trap_request=0xffffff45 fr.pc=0x0000021c19f97890 relative=0x0000000000000510
Event: 8.874 Thread 0x0000021c6e8aaa50 Uncommon trap: reason=unstable_if action=reinterpret pc=0x0000021c19f97890 method=java.util.TreeMap.put(Ljava/lang/Object;Ljava/lang/Object;Z)Ljava/lang/Object; @ 27 c2
Event: 8.874 Thread 0x0000021c6e8aaa50 DEOPT PACKING pc=0x0000021c19f97890 sp=0x000000b31dffd280
Event: 8.874 Thread 0x0000021c6e8aaa50 DEOPT UNPACKING pc=0x0000021c19683aa2 sp=0x000000b31dffd1f0 mode 2
Event: 9.024 Thread 0x0000021c6e8a75d0 Uncommon trap: trap_request=0xffffff45 fr.pc=0x0000021c19ebc084 relative=0x00000000000002a4
Event: 9.024 Thread 0x0000021c6e8a75d0 Uncommon trap: reason=unstable_if action=reinterpret pc=0x0000021c19ebc084 method=java.lang.ClassLoader.checkName(Ljava/lang/String;)Z @ 1 c2
Event: 9.024 Thread 0x0000021c6e8a75d0 DEOPT PACKING pc=0x0000021c19ebc084 sp=0x000000b31e2fdf50
Event: 9.024 Thread 0x0000021c6e8a75d0 DEOPT UNPACKING pc=0x0000021c19683aa2 sp=0x000000b31e2fdee8 mode 2
Event: 9.024 Thread 0x0000021c6e8a75d0 Uncommon trap: trap_request=0xffffff45 fr.pc=0x0000021c19e31cc8 relative=0x0000000000000f88
Event: 9.024 Thread 0x0000021c6e8a75d0 Uncommon trap: reason=unstable_if action=reinterpret pc=0x0000021c19e31cc8 method=lombok.patcher.ScriptManager$OurClassFileTransformer.transform(Ljava/lang/ClassLoader;Ljava/lang/String;Ljava/lang/Class;Ljava/security/ProtectionDomain;[B)[B @ 1 c2
Event: 9.024 Thread 0x0000021c6e8a75d0 DEOPT PACKING pc=0x0000021c19e31cc8 sp=0x000000b31e2fcab0
Event: 9.024 Thread 0x0000021c6e8a75d0 DEOPT UNPACKING pc=0x0000021c19683aa2 sp=0x000000b31e2fca30 mode 2

Classes loaded (20 events):
Event: 7.550 Loading class sun/misc/Unsafe
Event: 7.551 Loading class sun/misc/Unsafe done
Event: 7.569 Loading class sun/reflect/annotation/AnnotatedTypeFactory$AnnotatedParameterizedTypeImpl
Event: 7.569 Loading class java/lang/reflect/AnnotatedParameterizedType
Event: 7.569 Loading class java/lang/reflect/AnnotatedParameterizedType done
Event: 7.570 Loading class sun/reflect/annotation/AnnotatedTypeFactory$AnnotatedParameterizedTypeImpl done
Event: 8.233 Loading class java/util/Vector$1
Event: 8.234 Loading class java/util/Vector$1 done
Event: 8.594 Loading class sun/reflect/generics/scope/ConstructorScope
Event: 8.596 Loading class sun/reflect/generics/scope/ConstructorScope done
Event: 8.596 Loading class sun/reflect/generics/tree/VoidDescriptor
Event: 8.599 Loading class sun/reflect/generics/tree/VoidDescriptor done
Event: 8.615 Loading class java/util/concurrent/CompletionService
Event: 8.615 Loading class java/util/concurrent/CompletionService done
Event: 8.642 Loading class java/nio/channels/ServerSocketChannel
Event: 8.643 Loading class java/nio/channels/ServerSocketChannel done
Event: 8.974 Loading class java/util/regex/Pattern$Caret
Event: 8.974 Loading class java/util/regex/Pattern$Caret done
Event: 9.021 Loading class jdk/internal/org/objectweb/asm/ClassReader
Event: 9.022 Loading class jdk/internal/org/objectweb/asm/ClassReader done

Classes unloaded (7 events):
Event: 4.295 Thread 0x0000021c680532d0 Unloading class 0x0000021c271a8c00 'java/lang/invoke/LambdaForm$MH+0x0000021c271a8c00'
Event: 4.295 Thread 0x0000021c680532d0 Unloading class 0x0000021c271a8800 'java/lang/invoke/LambdaForm$MH+0x0000021c271a8800'
Event: 4.295 Thread 0x0000021c680532d0 Unloading class 0x0000021c271a8400 'java/lang/invoke/LambdaForm$MH+0x0000021c271a8400'
Event: 4.295 Thread 0x0000021c680532d0 Unloading class 0x0000021c271a8000 'java/lang/invoke/LambdaForm$MH+0x0000021c271a8000'
Event: 4.295 Thread 0x0000021c680532d0 Unloading class 0x0000021c271a7c00 'java/lang/invoke/LambdaForm$BMH+0x0000021c271a7c00'
Event: 4.295 Thread 0x0000021c680532d0 Unloading class 0x0000021c271a7800 'java/lang/invoke/LambdaForm$DMH+0x0000021c271a7800'
Event: 4.295 Thread 0x0000021c680532d0 Unloading class 0x0000021c271a6400 'java/lang/invoke/LambdaForm$DMH+0x0000021c271a6400'

Classes redefined (0 events):
No events

Internal exceptions (20 events):
Event: 6.691 Thread 0x0000021c0efecfd0 Exception <a 'java/lang/IncompatibleClassChangeError'{0x00000000d63ddae8}: Found class java.lang.Object, but interface was expected> (0x00000000d63ddae8) 
thrown [s\src\hotspot\share\interpreter\linkResolver.cpp, line 840]
Event: 6.692 Thread 0x0000021c0efecfd0 Exception <a 'java/lang/IncompatibleClassChangeError'{0x00000000d63df970}: Found class java.lang.Object, but interface was expected> (0x00000000d63df970) 
thrown [s\src\hotspot\share\interpreter\linkResolver.cpp, line 840]
Event: 7.317 Thread 0x0000021c7453f0e0 Exception <a 'java/io/FileNotFoundException'{0x00000000d65839d8}> (0x00000000d65839d8) 
thrown [s\src\hotspot\share\prims\jni.cpp, line 520]
Event: 7.434 Thread 0x0000021c7453f0e0 Exception <a 'java/io/FileNotFoundException'{0x00000000d5b31b80}> (0x00000000d5b31b80) 
thrown [s\src\hotspot\share\prims\jni.cpp, line 520]
Event: 7.439 Thread 0x0000021c7453f0e0 Exception <a 'java/lang/NoSuchMethodError'{0x00000000d5b42960}: 'java.lang.Object java.lang.invoke.DirectMethodHandle$Holder.invokeStatic(java.lang.Object, int, java.lang.Object, java.lang.Object)'> (0x00000000d5b42960) 
thrown [s\src\hotspot\share\interpreter\linkResolver.cpp, line 773]
Event: 7.441 Thread 0x0000021c7453f0e0 Exception <a 'java/lang/NoSuchMethodError'{0x00000000d5b46160}: 'java.lang.Object java.lang.invoke.DelegatingMethodHandle$Holder.delegate(java.lang.Object, int, java.lang.Object, java.lang.Object)'> (0x00000000d5b46160) 
thrown [s\src\hotspot\share\interpreter\linkResolver.cpp, line 773]
Event: 7.447 Thread 0x0000021c7453f0e0 Exception <a 'java/lang/NoSuchMethodError'{0x00000000d5bea870}: 'int java.lang.invoke.Invokers$Holder.linkToTargetMethod(java.lang.Object, java.lang.Object, java.lang.Object)'> (0x00000000d5bea870) 
thrown [s\src\hotspot\share\interpreter\linkResolver.cpp, line 773]
Event: 7.679 Thread 0x0000021c6e8aaa50 Exception <a 'sun/nio/fs/WindowsException'{0x00000000d6392078}> (0x00000000d6392078) 
thrown [s\src\hotspot\share\prims\jni.cpp, line 520]
Event: 7.691 Thread 0x0000021c7453e3c0 Exception <a 'sun/nio/fs/WindowsException'{0x00000000d647e710}> (0x00000000d647e710) 
thrown [s\src\hotspot\share\prims\jni.cpp, line 520]
Event: 7.694 Thread 0x0000021c74540490 Exception <a 'sun/nio/fs/WindowsException'{0x00000000d648ae80}> (0x00000000d648ae80) 
thrown [s\src\hotspot\share\prims\jni.cpp, line 520]
Event: 7.695 Thread 0x0000021c71a04a90 Exception <a 'sun/nio/fs/WindowsException'{0x00000000d64ad048}> (0x00000000d64ad048) 
thrown [s\src\hotspot\share\prims\jni.cpp, line 520]
Event: 7.698 Thread 0x0000021c71a029c0 Exception <a 'sun/nio/fs/WindowsException'{0x00000000d650bc98}> (0x00000000d650bc98) 
thrown [s\src\hotspot\share\prims\jni.cpp, line 520]
Event: 7.699 Thread 0x0000021c71a01ca0 Exception <a 'sun/nio/fs/WindowsException'{0x00000000d64f3588}> (0x00000000d64f3588) 
thrown [s\src\hotspot\share\prims\jni.cpp, line 520]
Event: 7.701 Thread 0x0000021c71a02330 Exception <a 'sun/nio/fs/WindowsException'{0x00000000d64db4b8}> (0x00000000d64db4b8) 
thrown [s\src\hotspot\share\prims\jni.cpp, line 520]
Event: 7.704 Thread 0x0000021c71a008f0 Exception <a 'sun/nio/fs/WindowsException'{0x00000000d64ffa70}> (0x00000000d64ffa70) 
thrown [s\src\hotspot\share\prims\jni.cpp, line 520]
Event: 8.954 Thread 0x0000021c6e8aaa50 Exception <a 'java/lang/NoClassDefFoundError'{0x00000000d590b420}: org/eclipse/core/runtime/IPath> (0x00000000d590b420) 
thrown [s\src\hotspot\share\classfile\systemDictionary.cpp, line 301]
Event: 8.975 Thread 0x0000021c6e8a75d0 Exception <a 'java/lang/ExceptionInInitializerError'{0x00000000d5ad92e8}> (0x00000000d5ad92e8) 
thrown [s\src\hotspot\share\oops\instanceKlass.cpp, line 1220]
Event: 9.024 Thread 0x0000021c6e8a75d0 Implicit null exception at 0x0000021c19ebbdfe to 0x0000021c19ebc070
Event: 9.024 Thread 0x0000021c6e8a75d0 Implicit null exception at 0x0000021c19e30d9c to 0x0000021c19e31cb8
Event: 9.030 Thread 0x0000021c6e8a75d0 Exception <a 'java/lang/NoSuchMethodError'{0x00000000d5cdd060}: 'java.lang.Object java.lang.invoke.Invokers$Holder.invokeExact_MT(java.lang.Object, int, java.lang.Object)'> (0x00000000d5cdd060) 
thrown [s\src\hotspot\share\interpreter\linkResolver.cpp, line 773]

ZGC Phase Switch (0 events):
No events

VM Operations (20 events):
Event: 7.286 Executing VM operation: HandshakeAllThreads (Deoptimize)
Event: 7.286 Executing VM operation: HandshakeAllThreads (Deoptimize) done
Event: 7.375 Executing VM operation: ParallelGCFailedAllocation (Allocation Failure)
Event: 7.382 Executing VM operation: ParallelGCFailedAllocation (Allocation Failure) done
Event: 7.591 Executing VM operation: HandshakeAllThreads (Deoptimize)
Event: 7.596 Executing VM operation: HandshakeAllThreads (Deoptimize) done
Event: 7.669 Executing VM operation: HandshakeAllThreads (Deoptimize)
Event: 7.669 Executing VM operation: HandshakeAllThreads (Deoptimize) done
Event: 7.722 Executing VM operation: HandshakeAllThreads (Deoptimize)
Event: 7.722 Executing VM operation: HandshakeAllThreads (Deoptimize) done
Event: 7.854 Executing VM operation: ParallelGCFailedAllocation (Allocation Failure)
Event: 7.858 Executing VM operation: ParallelGCFailedAllocation (Allocation Failure) done
Event: 8.271 Executing VM operation: ParallelGCFailedAllocation (Allocation Failure)
Event: 8.273 Executing VM operation: ParallelGCFailedAllocation (Allocation Failure) done
Event: 8.557 Executing VM operation: HandshakeAllThreads (Deoptimize)
Event: 8.557 Executing VM operation: HandshakeAllThreads (Deoptimize) done
Event: 8.865 Executing VM operation: ParallelGCFailedAllocation (Allocation Failure)
Event: 8.868 Executing VM operation: ParallelGCFailedAllocation (Allocation Failure) done
Event: 9.160 Executing VM operation: HandshakeAllThreads (Deoptimize)
Event: 9.160 Executing VM operation: HandshakeAllThreads (Deoptimize) done

Memory protections (0 events):
No events

Nmethod flushes (20 events):
Event: 6.004 Thread 0x0000021c680532d0 flushing  nmethod 0x0000021c128dce10
Event: 6.004 Thread 0x0000021c680532d0 flushing  nmethod 0x0000021c128de790
Event: 6.004 Thread 0x0000021c680532d0 flushing  nmethod 0x0000021c128df090
Event: 6.004 Thread 0x0000021c680532d0 flushing  nmethod 0x0000021c128e0290
Event: 6.004 Thread 0x0000021c680532d0 flushing  nmethod 0x0000021c128e1010
Event: 6.004 Thread 0x0000021c680532d0 flushing  nmethod 0x0000021c128e1790
Event: 6.004 Thread 0x0000021c680532d0 flushing  nmethod 0x0000021c128e2d10
Event: 6.004 Thread 0x0000021c680532d0 flushing  nmethod 0x0000021c128e3210
Event: 6.004 Thread 0x0000021c680532d0 flushing  nmethod 0x0000021c128e3b10
Event: 6.004 Thread 0x0000021c680532d0 flushing  nmethod 0x0000021c128e4f10
Event: 6.004 Thread 0x0000021c680532d0 flushing  nmethod 0x0000021c128e6990
Event: 6.004 Thread 0x0000021c680532d0 flushing  nmethod 0x0000021c128e8410
Event: 6.004 Thread 0x0000021c680532d0 flushing  nmethod 0x0000021c1292bf10
Event: 6.004 Thread 0x0000021c680532d0 flushing  nmethod 0x0000021c1292ca10
Event: 6.004 Thread 0x0000021c680532d0 flushing  nmethod 0x0000021c12932c10
Event: 6.004 Thread 0x0000021c680532d0 flushing  nmethod 0x0000021c12953e90
Event: 6.004 Thread 0x0000021c680532d0 flushing  nmethod 0x0000021c12965110
Event: 6.004 Thread 0x0000021c680532d0 flushing  nmethod 0x0000021c12967490
Event: 6.004 Thread 0x0000021c680532d0 flushing  nmethod 0x0000021c12a13810
Event: 6.004 Thread 0x0000021c680532d0 flushing  nmethod 0x0000021c12a13c90

Events (20 events):
Event: 7.699 Thread 0x0000021c71a04400 Thread added: 0x0000021c71a057b0
Event: 7.700 Thread 0x0000021c74540490 Thread added: 0x0000021c71a06b60
Event: 7.700 Thread 0x0000021c71a02330 Thread added: 0x0000021c71a05e40
Event: 7.702 Thread 0x0000021c71a008f0 Thread added: 0x0000021c71a064d0
Event: 7.702 Thread 0x0000021c71a04a90 Thread added: 0x0000021c71a071f0
Event: 7.770 Thread 0x0000021c6e8aaa50 Thread added: 0x0000021c71a03d70
Event: 7.771 Thread 0x0000021c6e8aaa50 Thread added: 0x0000021c71a07880
Event: 7.771 Thread 0x0000021c6e8aaa50 Thread added: 0x0000021c71a07f10
Event: 7.771 Thread 0x0000021c6e8aaa50 Thread added: 0x0000021c71a00f80
Event: 7.772 Thread 0x0000021c6e8aaa50 Thread added: 0x0000021c71a01610
Event: 7.772 Thread 0x0000021c6e8aaa50 Thread added: 0x0000021c7078d760
Event: 7.773 Thread 0x0000021c6e8aaa50 Thread added: 0x0000021c70790550
Event: 7.774 Thread 0x0000021c6e8aaa50 Thread added: 0x0000021c7078fec0
Event: 7.774 Thread 0x0000021c6e8aaa50 Thread added: 0x0000021c70790be0
Event: 7.774 Thread 0x0000021c7078fec0 Thread added: 0x0000021c7078f830
Event: 7.775 Thread 0x0000021c70790be0 Thread added: 0x0000021c7078ddf0
Event: 7.775 Thread 0x0000021c71a03d70 Thread added: 0x0000021c7078e480
Event: 7.775 Thread 0x0000021c7078ddf0 Thread added: 0x0000021c7078eb10
Event: 7.776 Thread 0x0000021c7078f830 Thread added: 0x0000021c7078f1a0
Event: 8.798 Thread 0x0000021c6ee812c0 Thread exited: 0x0000021c6ee812c0


Dynamic libraries:
0x00007ff636330000 - 0x00007ff63633e000 	c:\Users\kavin\.vscode\extensions\redhat.java-1.47.0-win32-x64\jre\21.0.8-win32-x86_64\bin\java.exe
0x00007ffc32db0000 - 0x00007ffc32fc7000 	C:\windows\SYSTEM32\ntdll.dll
0x00007ffc322f0000 - 0x00007ffc323b4000 	C:\windows\System32\KERNEL32.DLL
0x00007ffc30360000 - 0x00007ffc30732000 	C:\windows\System32\KERNELBASE.dll
0x00007ffc30770000 - 0x00007ffc30881000 	C:\windows\System32\ucrtbase.dll
0x00007ffbea2d0000 - 0x00007ffbea2e8000 	c:\Users\kavin\.vscode\extensions\redhat.java-1.47.0-win32-x64\jre\21.0.8-win32-x86_64\bin\jli.dll
0x00007ffbdd480000 - 0x00007ffbdd49e000 	c:\Users\kavin\.vscode\extensions\redhat.java-1.47.0-win32-x64\jre\21.0.8-win32-x86_64\bin\VCRUNTIME140.dll
0x00007ffc31fe0000 - 0x00007ffc32191000 	C:\windows\System32\USER32.dll
0x00007ffc30740000 - 0x00007ffc30766000 	C:\windows\System32\win32u.dll
0x00007ffc1c0a0000 - 0x00007ffc1c33b000 	C:\windows\WinSxS\amd64_microsoft.windows.common-controls_6595b64144ccf1df_6.0.22621.5547_none_27104afb73855772\COMCTL32.dll
0x00007ffc32a90000 - 0x00007ffc32ab9000 	C:\windows\System32\GDI32.dll
0x00007ffc32bf0000 - 0x00007ffc32c97000 	C:\windows\System32\msvcrt.dll
0x00007ffc30910000 - 0x00007ffc30a33000 	C:\windows\System32\gdi32full.dll
0x00007ffc2ff20000 - 0x00007ffc2ffba000 	C:\windows\System32\msvcp_win.dll
0x00007ffc326b0000 - 0x00007ffc326e1000 	C:\windows\System32\IMM32.DLL
0x00007ffc0c6f0000 - 0x00007ffc0c6fc000 	c:\Users\kavin\.vscode\extensions\redhat.java-1.47.0-win32-x64\jre\21.0.8-win32-x86_64\bin\vcruntime140_1.dll
0x00007ffbdd3f0000 - 0x00007ffbdd47d000 	c:\Users\kavin\.vscode\extensions\redhat.java-1.47.0-win32-x64\jre\21.0.8-win32-x86_64\bin\msvcp140.dll
0x00007ffb995b0000 - 0x00007ffb9a347000 	c:\Users\kavin\.vscode\extensions\redhat.java-1.47.0-win32-x64\jre\21.0.8-win32-x86_64\bin\server\jvm.dll
0x00007ffc31aa0000 - 0x00007ffc31b51000 	C:\windows\System32\ADVAPI32.dll
0x00007ffc32240000 - 0x00007ffc322e8000 	C:\windows\System32\sechost.dll
0x00007ffc30330000 - 0x00007ffc30358000 	C:\windows\System32\bcrypt.dll
0x00007ffc312f0000 - 0x00007ffc31404000 	C:\windows\System32\RPCRT4.dll
0x00007ffc32b50000 - 0x00007ffc32bc1000 	C:\windows\System32\WS2_32.dll
0x00007ffc2fd70000 - 0x00007ffc2fdbd000 	C:\windows\SYSTEM32\POWRPROF.dll
0x00007ffc2b3e0000 - 0x00007ffc2b414000 	C:\windows\SYSTEM32\WINMM.dll
0x00007ffc2ad50000 - 0x00007ffc2ad5a000 	C:\windows\SYSTEM32\VERSION.dll
0x00007ffc2fd50000 - 0x00007ffc2fd63000 	C:\windows\SYSTEM32\UMPDC.dll
0x00007ffc2ee90000 - 0x00007ffc2eea8000 	C:\windows\SYSTEM32\kernel.appcore.dll
0x00007ffbfe340000 - 0x00007ffbfe34a000 	c:\Users\kavin\.vscode\extensions\redhat.java-1.47.0-win32-x64\jre\21.0.8-win32-x86_64\bin\jimage.dll
0x00007ffc27a50000 - 0x00007ffc27c83000 	C:\windows\SYSTEM32\DBGHELP.DLL
0x00007ffc326f0000 - 0x00007ffc32a83000 	C:\windows\System32\combase.dll
0x00007ffc31eb0000 - 0x00007ffc31f87000 	C:\windows\System32\OLEAUT32.dll
0x00007ffc24140000 - 0x00007ffc24172000 	C:\windows\SYSTEM32\dbgcore.DLL
0x00007ffc2fea0000 - 0x00007ffc2ff1b000 	C:\windows\System32\bcryptPrimitives.dll
0x00007ffbfe2c0000 - 0x00007ffbfe2cf000 	c:\Users\kavin\.vscode\extensions\redhat.java-1.47.0-win32-x64\jre\21.0.8-win32-x86_64\bin\instrument.dll
0x00007ffbdd3d0000 - 0x00007ffbdd3ef000 	c:\Users\kavin\.vscode\extensions\redhat.java-1.47.0-win32-x64\jre\21.0.8-win32-x86_64\bin\java.dll
0x00007ffc30a40000 - 0x00007ffc312e2000 	C:\windows\System32\SHELL32.dll
0x00007ffc301f0000 - 0x00007ffc3032f000 	C:\windows\System32\wintypes.dll
0x00007ffc2dd80000 - 0x00007ffc2e69d000 	C:\windows\SYSTEM32\windows.storage.dll
0x00007ffc325a0000 - 0x00007ffc326ac000 	C:\windows\System32\SHCORE.dll
0x00007ffc31b60000 - 0x00007ffc31bc9000 	C:\windows\System32\shlwapi.dll
0x00007ffc2fdd0000 - 0x00007ffc2fdfb000 	C:\windows\SYSTEM32\profapi.dll
0x00007ffbdd3b0000 - 0x00007ffbdd3c8000 	c:\Users\kavin\.vscode\extensions\redhat.java-1.47.0-win32-x64\jre\21.0.8-win32-x86_64\bin\zip.dll
0x00007ffbfd4a0000 - 0x00007ffbfd4b0000 	C:\Users\kavin\.vscode\extensions\redhat.java-1.47.0-win32-x64\jre\21.0.8-win32-x86_64\bin\net.dll
0x00007ffc2cb30000 - 0x00007ffc2cc5c000 	C:\windows\SYSTEM32\WINHTTP.dll
0x00007ffc2f310000 - 0x00007ffc2f379000 	C:\windows\system32\mswsock.dll
0x00007ffbdd390000 - 0x00007ffbdd3a6000 	C:\Users\kavin\.vscode\extensions\redhat.java-1.47.0-win32-x64\jre\21.0.8-win32-x86_64\bin\nio.dll
0x00007ffbfcb50000 - 0x00007ffbfcb60000 	c:\Users\kavin\.vscode\extensions\redhat.java-1.47.0-win32-x64\jre\21.0.8-win32-x86_64\bin\verify.dll
0x00007ffbdb0d0000 - 0x00007ffbdb114000 	C:\Users\kavin\AppData\Roaming\Code\User\globalStorage\redhat.java\1.47.0\config_win\org.eclipse.equinox.launcher\org.eclipse.equinox.launcher.win32.win32.x86_64_1.2.1400.v20250801-0854\eclipse_11916.dll
0x00007ffc31900000 - 0x00007ffc31aa0000 	C:\windows\System32\ole32.dll
0x00007ffc2f530000 - 0x00007ffc2f54b000 	C:\windows\SYSTEM32\CRYPTSP.dll
0x00007ffc2edf0000 - 0x00007ffc2ee27000 	C:\windows\system32\rsaenh.dll
0x00007ffc2f3d0000 - 0x00007ffc2f3f8000 	C:\windows\SYSTEM32\USERENV.dll
0x00007ffc2f550000 - 0x00007ffc2f55c000 	C:\windows\SYSTEM32\CRYPTBASE.dll
0x00007ffc2e900000 - 0x00007ffc2e92d000 	C:\windows\SYSTEM32\IPHLPAPI.DLL
0x00007ffc321a0000 - 0x00007ffc321a9000 	C:\windows\System32\NSI.dll
0x00007ffbd0010000 - 0x00007ffbd0059000 	C:\Users\kavin\AppData\Local\Temp\jna-101823237\jna11323623000996428234.dll
0x00007ffc32230000 - 0x00007ffc32238000 	C:\windows\System32\PSAPI.DLL
0x00007ffc2bcc0000 - 0x00007ffc2bcd9000 	C:\windows\SYSTEM32\dhcpcsvc6.DLL
0x00007ffc2bc60000 - 0x00007ffc2bc7f000 	C:\windows\SYSTEM32\dhcpcsvc.DLL

JVMTI agents:
c:\Users\kavin\.vscode\extensions\redhat.java-1.47.0-win32-x64\lombok\lombok-1.18.39-4050.jar path:c:\Users\kavin\.vscode\extensions\redhat.java-1.47.0-win32-x64\jre\21.0.8-win32-x86_64\bin\instrument.dll, loaded, initialized, instrumentlib options:none

dbghelp: loaded successfully - version: 4.0.5 - missing functions: none
symbol engine: initialized successfully - sym options: 0x614 - pdb path: .;c:\Users\kavin\.vscode\extensions\redhat.java-1.47.0-win32-x64\jre\21.0.8-win32-x86_64\bin;C:\windows\SYSTEM32;C:\windows\WinSxS\amd64_microsoft.windows.common-controls_6595b64144ccf1df_6.0.22621.5547_none_27104afb73855772;c:\Users\kavin\.vscode\extensions\redhat.java-1.47.0-win32-x64\jre\21.0.8-win32-x86_64\bin\server;C:\Users\kavin\AppData\Roaming\Code\User\globalStorage\redhat.java\1.47.0\config_win\org.eclipse.equinox.launcher\org.eclipse.equinox.launcher.win32.win32.x86_64_1.2.1400.v20250801-0854;C:\Users\kavin\AppData\Local\Temp\jna-101823237

VM Arguments:
jvm_args: --add-modules=ALL-SYSTEM --add-opens=java.base/java.util=ALL-UNNAMED --add-opens=java.base/java.lang=ALL-UNNAMED --add-opens=java.base/sun.nio.fs=ALL-UNNAMED -Declipse.application=org.eclipse.jdt.ls.core.id1 -Dosgi.bundles.defaultStartLevel=4 -Declipse.product=org.eclipse.jdt.ls.core.product -Djava.import.generatesMetadataFilesAtProjectRoot=false -DDetectVMInstallationsJob.disabled=true -Dfile.encoding=utf8 -XX:+UseParallelGC -XX:GCTimeRatio=4 -XX:AdaptiveSizePolicyWeight=90 -Dsun.zip.disableMemoryMapping=true -Xmx2G -Xms100m -Xlog:disable -javaagent:c:\Users\kavin\.vscode\extensions\redhat.java-1.47.0-win32-x64\lombok\lombok-1.18.39-4050.jar -XX:+HeapDumpOnOutOfMemoryError -XX:HeapDumpPath=c:\Users\kavin\AppData\Roaming\Code\User\workspaceStorage\e55657de26fef7e88f35b3bd3d66fe23\redhat.java -Daether.dependencyCollector.impl=bf 
java_command: c:\Users\kavin\.vscode\extensions\redhat.java-1.47.0-win32-x64\server\plugins\org.eclipse.equinox.launcher_1.7.100.v20251014-1222.jar -configuration c:\Users\kavin\AppData\Roaming\Code\User\globalStorage\redhat.java\1.47.0\config_win -data c:\Users\kavin\AppData\Roaming\Code\User\workspaceStorage\e55657de26fef7e88f35b3bd3d66fe23\redhat.java\jdt_ws --pipe=\\.\pipe\lsp-8bf1cad589fb83751d66b6c5b2f0b198-sock
java_class_path (initial): c:\Users\kavin\.vscode\extensions\redhat.java-1.47.0-win32-x64\server\plugins\org.eclipse.equinox.launcher_1.7.100.v20251014-1222.jar
Launcher Type: SUN_STANDARD

[Global flags]
    uintx AdaptiveSizePolicyWeight                 = 90                                        {product} {command line}
     intx CICompilerCount                          = 12                                        {product} {ergonomic}
    uintx GCTimeRatio                              = 4                                         {product} {command line}
     bool HeapDumpOnOutOfMemoryError               = true                                   {manageable} {command line}
    ccstr HeapDumpPath                             = c:\Users\kavin\AppData\Roaming\Code\User\workspaceStorage\e55657de26fef7e88f35b3bd3d66fe23\redhat.java         {manageable} {command line}
   size_t InitialHeapSize                          = 104857600                                 {product} {command line}
   size_t MaxHeapSize                              = 2147483648                                {product} {command line}
   size_t MaxNewSize                               = 715653120                                 {product} {ergonomic}
   size_t MinHeapDeltaBytes                        = 524288                                    {product} {ergonomic}
   size_t MinHeapSize                              = 104857600                                 {product} {command line}
   size_t NewSize                                  = 34603008                                  {product} {ergonomic}
    uintx NonNMethodCodeHeapSize                   = 7602480                                {pd product} {ergonomic}
    uintx NonProfiledCodeHeapSize                  = 122027880                              {pd product} {ergonomic}
   size_t OldSize                                  = 70254592                                  {product} {ergonomic}
    uintx ProfiledCodeHeapSize                     = 122027880                              {pd product} {ergonomic}
    uintx ReservedCodeCacheSize                    = 251658240                              {pd product} {ergonomic}
     bool SegmentedCodeCache                       = true                                      {product} {ergonomic}
   size_t SoftMaxHeapSize                          = 2147483648                             {manageable} {ergonomic}
     bool UseCompressedOops                        = true                           {product lp64_product} {ergonomic}
     bool UseLargePagesIndividualAllocation        = false                                  {pd product} {ergonomic}
     bool UseParallelGC                            = true                                      {product} {command line}

Logging:
Log output configuration:
 #0: stdout all=off uptime,level,tags foldmultilines=false
 #1: stderr all=off uptime,level,tags foldmultilines=false

Environment Variables:
JAVA_HOME=C:\Program Files\Java\jdk-21
PATH=C:\Program Files (x86)\VMware\VMware Workstation\bin\;C:\windows\system32;C:\windows;C:\windows\System32\Wbem;C:\windows\System32\WindowsPowerShell\v1.0\;C:\windows\System32\OpenSSH\;C:\Program Files (x86)\NVIDIA Corporation\PhysX\Common;C:\Program Files\NVIDIA Corporation\NVIDIA NvDLISR;C:\Program Files\nodejs\;C:\Program Files\Docker\Docker\resources\bin;C:\Program Files\Amazon\AWSCLIV2\;C:\Program Files\Git\cmd;C:\Program Files\apache-maven\maven-mvnd-1.0.3-windows-amd64\mvn\bin;C:\Program Files\Java\jdk-21\bin;C:\Program Files\Java\jdk-21\bin;C:\Users\kavin\AppData\Local\Programs\Python\Python312\Scripts\;C:\Users\kavin\AppData\Local\Programs\Python\Python312\;C:\Users\kavin\AppData\Local\Programs\Python\Python313\Scripts\;C:\Users\kavin\AppData\Local\Programs\Python\Python313\;C:\Users\kavin\AppData\Local\Programs\Python\Launcher\;C:\Program Files\MySQL\MySQL Shell 8.0\bin\;C:\Users\kavin\AppData\Local\Microsoft\WindowsApps;C:\Users\kavin\AppData\Local\Programs\Microsoft VS Code\bin;C:\Users\kavin\AppData\Roaming\npm;C:\Program Files\Java\jdk-21\bin;
USERNAME=kavin
OS=Windows_NT
PROCESSOR_IDENTIFIER=AMD64 Family 25 Model 80 Stepping 0, AuthenticAMD
TMP=C:\Users\kavin\AppData\Local\Temp
TEMP=C:\Users\kavin\AppData\Local\Temp




Periodic native trim disabled

---------------  S Y S T E M  ---------------

OS:
 Windows 11 , 64 bit Build 22621 (10.0.22621.5415)
OS uptime: 2 days 13:39 hours
Hyper-V role detected

CPU: total 16 (initial active 16) (16 cores per cpu, 2 threads per core) family 25 model 80 stepping 0 microcode 0x0, cx8, cmov, fxsr, ht, mmx, 3dnowpref, sse, sse2, sse3, ssse3, sse4a, sse4.1, sse4.2, popcnt, lzcnt, tsc, tscinvbit, avx, avx2, aes, erms, clmul, bmi1, bmi2, adx, sha, fma, vzeroupper, clflush, clflushopt, hv, rdtscp, rdpid, fsrm, f16c, cet_ss
Processor Information for processor 0
  Max Mhz: 3201, Current Mhz: 1882, Mhz Limit: 3201
Processor Information for processor 1
  Max Mhz: 3201, Current Mhz: 1882, Mhz Limit: 3201
Processor Information for processor 2
  Max Mhz: 3201, Current Mhz: 1882, Mhz Limit: 3201
Processor Information for processor 3
  Max Mhz: 3201, Current Mhz: 1882, Mhz Limit: 3201
Processor Information for processor 4
  Max Mhz: 3201, Current Mhz: 1882, Mhz Limit: 3201
Processor Information for processor 5
  Max Mhz: 3201, Current Mhz: 1882, Mhz Limit: 3201
Processor Information for processor 6
  Max Mhz: 3201, Current Mhz: 1882, Mhz Limit: 3201
Processor Information for processor 7
  Max Mhz: 3201, Current Mhz: 1802, Mhz Limit: 3201
Processor Information for processor 8
  Max Mhz: 3201, Current Mhz: 1882, Mhz Limit: 3201
Processor Information for processor 9
  Max Mhz: 3201, Current Mhz: 1882, Mhz Limit: 3201
Processor Information for processor 10
  Max Mhz: 3201, Current Mhz: 1882, Mhz Limit: 3201
Processor Information for processor 11
  Max Mhz: 3201, Current Mhz: 1882, Mhz Limit: 3201
Processor Information for processor 12
  Max Mhz: 3201, Current Mhz: 1882, Mhz Limit: 3201
Processor Information for processor 13
  Max Mhz: 3201, Current Mhz: 1882, Mhz Limit: 3201
Processor Information for processor 14
  Max Mhz: 3201, Current Mhz: 1882, Mhz Limit: 3201
Processor Information for processor 15
  Max Mhz: 3201, Current Mhz: 1882, Mhz Limit: 3201

Memory: 4k page, system-wide physical 15710M (2925M free)
TotalPageFile size 20374M (AvailPageFile size 0M)
current process WorkingSet (physical memory assigned to process): 300M, peak: 300M
current process commit charge ("private bytes"): 410M, peak: 416M

vm_info: OpenJDK 64-Bit Server VM (21.0.8+9-LTS) for windows-amd64 JRE (21.0.8+9-LTS), built on 2025-07-15T00:00:00Z by "admin" with MS VC++ 17.7 (VS2022)

END.
