#
# There is insufficient memory for the Java Runtime Environment to continue.
# Native memory allocation (malloc) failed to allocate 1048576 bytes. Error detail: AllocateHeap
# Possible reasons:
#   The system is out of physical RAM or swap space
#   This process is running with CompressedOops enabled, and the Java Heap may be blocking the growth of the native heap
# Possible solutions:
#   Reduce memory load on the system
#   Increase physical memory or swap space
#   Check if swap backing store is full
#   Decrease Java heap size (-Xmx/-Xms)
#   Decrease number of Java threads
#   Decrease Java thread stack sizes (-Xss)
#   Set larger code cache with -XX:ReservedCodeCacheSize=
#   JVM is running with Unscaled Compressed Oops mode in which the Java heap is
#     placed in the first 4GB address space. The Java Heap base address is the
#     maximum limit for the native heap growth. Please use -XX:HeapBaseMinAddress
#     to set the Java Heap base and to place the Java Heap above 4GB virtual address.
# This output file may be truncated or incomplete.
#
#  Out of Memory Error (allocation.cpp:44), pid=23200, tid=3764
#
# JRE version: OpenJDK Runtime Environment Temurin-21.0.8+9 (21.0.8+9) (build 21.0.8+9-LTS)
# Java VM: OpenJDK 64-Bit Server VM Temurin-21.0.8+9 (21.0.8+9-LTS, mixed mode, sharing, tiered, compressed oops, compressed class ptrs, parallel gc, windows-amd64)
# No core dump will be written. Minidumps are not enabled by default on client versions of Windows
#

---------------  S U M M A R Y ------------

Command Line: --add-modules=ALL-SYSTEM --add-opens=java.base/java.util=ALL-UNNAMED --add-opens=java.base/java.lang=ALL-UNNAMED --add-opens=java.base/sun.nio.fs=ALL-UNNAMED -Declipse.application=org.eclipse.jdt.ls.core.id1 -Dosgi.bundles.defaultStartLevel=4 -Declipse.product=org.eclipse.jdt.ls.core.product -Djava.import.generatesMetadataFilesAtProjectRoot=false -DDetectVMInstallationsJob.disabled=true -Dfile.encoding=utf8 -XX:+UseParallelGC -XX:GCTimeRatio=4 -XX:AdaptiveSizePolicyWeight=90 -Dsun.zip.disableMemoryMapping=true -Xmx2G -Xms100m -Xlog:disable -javaagent:c:\Users\kavin\.vscode\extensions\redhat.java-1.47.0-win32-x64\lombok\lombok-1.18.39-4050.jar -XX:+HeapDumpOnOutOfMemoryError -XX:HeapDumpPath=c:\Users\kavin\AppData\Roaming\Code\User\workspaceStorage\e55657de26fef7e88f35b3bd3d66fe23\redhat.java -Daether.dependencyCollector.impl=bf c:\Users\kavin\.vscode\extensions\redhat.java-1.47.0-win32-x64\server\plugins\org.eclipse.equinox.launcher_1.7.100.v20251014-1222.jar -configuration c:\Users\kavin\AppData\Roaming\Code\User\globalStorage\redhat.java\1.47.0\config_win -data c:\Users\kavin\AppData\Roaming\Code\User\workspaceStorage\e55657de26fef7e88f35b3bd3d66fe23\redhat.java\jdt_ws --pipe=\\.\pipe\lsp-80a93e76bace323a8ce5c410efa75070-sock

Host: AMD Ryzen 7 5800H with Radeon Graphics         , 16 cores, 15G,  Windows 11 , 64 bit Build 22621 (10.0.22621.5415)
Time: Fri Nov  7 11:43:49 2025 India Standard Time elapsed time: 8893.708075 seconds (0d 2h 28m 13s)

---------------  T H R E A D  ---------------

Current thread (0x0000021dea5cc670):  JavaThread "Attach Listener" daemon [_thread_in_vm, id=3764, stack(0x000000bd4fe00000,0x000000bd4ff00000) (1024K)]

Stack: [0x000000bd4fe00000,0x000000bd4ff00000]
Native frames: (J=compiled Java code, j=interpreted, Vv=VM code, C=native code)
V  [jvm.dll+0x6d2449]
V  [jvm.dll+0x8ae341]
V  [jvm.dll+0x8b08be]
V  [jvm.dll+0x8b0fa3]
V  [jvm.dll+0x280c96]
V  [jvm.dll+0xc0347]
V  [jvm.dll+0x6d2cf9]
V  [jvm.dll+0x131116]
V  [jvm.dll+0x3f2d16]
V  [jvm.dll+0x857e6b]
V  [jvm.dll+0x6d0b0d]
C  [ucrtbase.dll+0x29333]
C  [KERNEL32.DLL+0x1259d]
C  [ntdll.dll+0x5af78]


---------------  P R O C E S S  ---------------

Threads class SMR info:
_java_thread_list=0x0000021df1310070, length=42, elements={
0x0000021d9161da80, 0x0000021dea5c8370, 0x0000021dea5c8fd0, 0x0000021dea5cb6c0,
0x0000021dea5cc670, 0x0000021dea5d1be0, 0x0000021dea5d0830, 0x0000021dea5e4cf0,
0x0000021dea5e5a20, 0x0000021dea5d0ec0, 0x0000021dea5cfb10, 0x0000021dea5cedf0,
0x0000021dea5d1550, 0x0000021dea5d2270, 0x0000021dea5d01a0, 0x0000021df06048c0,
0x0000021df0603ba0, 0x0000021df0602e80, 0x0000021df0600090, 0x0000021df05ffa00,
0x0000021df0603510, 0x0000021df06055e0, 0x0000021df0605c70, 0x0000021df0600db0,
0x0000021df0601440, 0x0000021df0601ad0, 0x0000021df0606300, 0x0000021df05ff370,
0x0000021df0602160, 0x0000021df06027f0, 0x0000021df42517f0, 0x0000021df4256020,
0x0000021df42566b0, 0x0000021df4257a60, 0x0000021df4256d40, 0x0000021df4255300,
0x0000021df4250ad0, 0x0000021df4252510, 0x0000021df42573d0, 0x0000021df4253f50,
0x0000021df42580f0, 0x0000021df034f880
}

Java Threads: ( => current thread )
  0x0000021d9161da80 JavaThread "main"                              [_thread_blocked, id=22064, stack(0x000000bd4f700000,0x000000bd4f800000) (1024K)]
  0x0000021dea5c8370 JavaThread "Reference Handler"          daemon [_thread_blocked, id=2720, stack(0x000000bd4fb00000,0x000000bd4fc00000) (1024K)]
  0x0000021dea5c8fd0 JavaThread "Finalizer"                  daemon [_thread_blocked, id=21260, stack(0x000000bd4fc00000,0x000000bd4fd00000) (1024K)]
  0x0000021dea5cb6c0 JavaThread "Signal Dispatcher"          daemon [_thread_blocked, id=16876, stack(0x000000bd4fd00000,0x000000bd4fe00000) (1024K)]
=>0x0000021dea5cc670 JavaThread "Attach Listener"            daemon [_thread_in_vm, id=3764, stack(0x000000bd4fe00000,0x000000bd4ff00000) (1024K)]
  0x0000021dea5d1be0 JavaThread "Service Thread"             daemon [_thread_blocked, id=19620, stack(0x000000bd4ff00000,0x000000bd50000000) (1024K)]
  0x0000021dea5d0830 JavaThread "Monitor Deflation Thread"   daemon [_thread_blocked, id=27280, stack(0x000000bd50000000,0x000000bd50100000) (1024K)]
  0x0000021dea5e4cf0 JavaThread "C2 CompilerThread0"         daemon [_thread_blocked, id=7008, stack(0x000000bd50100000,0x000000bd50200000) (1024K)]
  0x0000021dea5e5a20 JavaThread "C1 CompilerThread0"         daemon [_thread_blocked, id=5500, stack(0x000000bd50200000,0x000000bd50300000) (1024K)]
  0x0000021dea5d0ec0 JavaThread "Common-Cleaner"             daemon [_thread_blocked, id=18988, stack(0x000000bd50300000,0x000000bd50400000) (1024K)]
  0x0000021dea5cfb10 JavaThread "Notification Thread"        daemon [_thread_blocked, id=15284, stack(0x000000bd50700000,0x000000bd50800000) (1024K)]
  0x0000021dea5cedf0 JavaThread "Active Thread: Equinox Container: 137c2a8d-d4e3-40c8-a02c-271f759fc500"        [_thread_blocked, id=6680, stack(0x000000bd51000000,0x000000bd51100000) (1024K)]
  0x0000021dea5d1550 JavaThread "Refresh Thread: Equinox Container: 137c2a8d-d4e3-40c8-a02c-271f759fc500" daemon [_thread_blocked, id=12100, stack(0x000000bd50800000,0x000000bd50900000) (1024K)]
  0x0000021dea5d2270 JavaThread "Framework Event Dispatcher: Equinox Container: 137c2a8d-d4e3-40c8-a02c-271f759fc500" daemon [_thread_blocked, id=15964, stack(0x000000bd50f00000,0x000000bd51000000) (1024K)]
  0x0000021dea5d01a0 JavaThread "Start Level: Equinox Container: 137c2a8d-d4e3-40c8-a02c-271f759fc500" daemon [_thread_blocked, id=12040, stack(0x000000bd51100000,0x000000bd51200000) (1024K)]
  0x0000021df06048c0 JavaThread "Bundle File Closer"         daemon [_thread_blocked, id=27600, stack(0x000000bd51400000,0x000000bd51500000) (1024K)]
  0x0000021df0603ba0 JavaThread "SCR Component Actor"        daemon [_thread_blocked, id=16504, stack(0x000000bd51500000,0x000000bd51600000) (1024K)]
  0x0000021df0602e80 JavaThread "Worker-JM"                         [_thread_blocked, id=26852, stack(0x000000bd51900000,0x000000bd51a00000) (1024K)]
  0x0000021df0600090 JavaThread "JNA Cleaner"                daemon [_thread_blocked, id=25412, stack(0x000000bd51c00000,0x000000bd51d00000) (1024K)]
  0x0000021df05ffa00 JavaThread "Worker-0"                          [_thread_blocked, id=4716, stack(0x000000bd51d00000,0x000000bd51e00000) (1024K)]
  0x0000021df0603510 JavaThread "Java indexing"              daemon [_thread_blocked, id=16600, stack(0x000000bd52100000,0x000000bd52200000) (1024K)]
  0x0000021df06055e0 JavaThread "Thread-1"                   daemon [_thread_in_native, id=16196, stack(0x000000bd52400000,0x000000bd52500000) (1024K)]
  0x0000021df0605c70 JavaThread "Thread-2"                   daemon [_thread_in_native, id=24720, stack(0x000000bd52500000,0x000000bd52600000) (1024K)]
  0x0000021df0600db0 JavaThread "Thread-3"                   daemon [_thread_in_native, id=1368, stack(0x000000bd52600000,0x000000bd52700000) (1024K)]
  0x0000021df0601440 JavaThread "Thread-4"                   daemon [_thread_in_native, id=17808, stack(0x000000bd52700000,0x000000bd52800000) (1024K)]
  0x0000021df0601ad0 JavaThread "Thread-5"                   daemon [_thread_in_native, id=24108, stack(0x000000bd52800000,0x000000bd52900000) (1024K)]
  0x0000021df0606300 JavaThread "Thread-6"                   daemon [_thread_in_native, id=19416, stack(0x000000bd52900000,0x000000bd52a00000) (1024K)]
  0x0000021df05ff370 JavaThread "Thread-7"                   daemon [_thread_in_native, id=17856, stack(0x000000bd52a00000,0x000000bd52b00000) (1024K)]
  0x0000021df0602160 JavaThread "Thread-8"                   daemon [_thread_in_native, id=3776, stack(0x000000bd52b00000,0x000000bd52c00000) (1024K)]
  0x0000021df06027f0 JavaThread "Thread-9"                   daemon [_thread_in_native, id=14044, stack(0x000000bd52c00000,0x000000bd52d00000) (1024K)]
  0x0000021df42517f0 JavaThread "Thread-10"                  daemon [_thread_in_native, id=23820, stack(0x000000bd52d00000,0x000000bd52e00000) (1024K)]
  0x0000021df4256020 JavaThread "Thread-11"                  daemon [_thread_in_native, id=25344, stack(0x000000bd52e00000,0x000000bd52f00000) (1024K)]
  0x0000021df42566b0 JavaThread "Thread-12"                  daemon [_thread_in_native, id=11956, stack(0x000000bd52f00000,0x000000bd53000000) (1024K)]
  0x0000021df4257a60 JavaThread "Thread-13"                  daemon [_thread_in_native, id=25732, stack(0x000000bd53000000,0x000000bd53100000) (1024K)]
  0x0000021df4256d40 JavaThread "Thread-14"                  daemon [_thread_in_native, id=5008, stack(0x000000bd53100000,0x000000bd53200000) (1024K)]
  0x0000021df4255300 JavaThread "Thread-15"                  daemon [_thread_in_native, id=23804, stack(0x000000bd53200000,0x000000bd53300000) (1024K)]
  0x0000021df4250ad0 JavaThread "Thread-16"                  daemon [_thread_in_native, id=3132, stack(0x000000bd53300000,0x000000bd53400000) (1024K)]
  0x0000021df4252510 JavaThread "Thread-17"                  daemon [_thread_in_native, id=22028, stack(0x000000bd53400000,0x000000bd53500000) (1024K)]
  0x0000021df42573d0 JavaThread "pool-2-thread-1"                   [_thread_blocked, id=18672, stack(0x000000bd53500000,0x000000bd53600000) (1024K)]
  0x0000021df4253f50 JavaThread "WorkspaceEventsHandler"            [_thread_blocked, id=8228, stack(0x000000bd53a00000,0x000000bd53b00000) (1024K)]
  0x0000021df42580f0 JavaThread "pool-1-thread-1"                   [_thread_blocked, id=19792, stack(0x000000bd53b00000,0x000000bd53c00000) (1024K)]
  0x0000021df034f880 JavaThread "Worker-4"                          [_thread_blocked, id=12936, stack(0x000000bd4f400000,0x000000bd4f500000) (1024K)]
Total: 42

Other Threads:
  0x0000021dea5c32d0 VMThread "VM Thread"                           [id=20172, stack(0x000000bd4fa00000,0x000000bd4fb00000) (1024K)]
  0x0000021d914aca10 WatcherThread "VM Periodic Task Thread"        [id=24104, stack(0x000000bd4f900000,0x000000bd4fa00000) (1024K)]
  0x0000021d9163ceb0 WorkerThread "GC Thread#0"                     [id=24992, stack(0x000000bd4f800000,0x000000bd4f900000) (1024K)]
  0x0000021df08e6ff0 WorkerThread "GC Thread#1"                     [id=10140, stack(0x000000bd50900000,0x000000bd50a00000) (1024K)]
  0x0000021df08e7390 WorkerThread "GC Thread#2"                     [id=10092, stack(0x000000bd50a00000,0x000000bd50b00000) (1024K)]
  0x0000021df08e7730 WorkerThread "GC Thread#3"                     [id=14848, stack(0x000000bd50b00000,0x000000bd50c00000) (1024K)]
  0x0000021df086e460 WorkerThread "GC Thread#4"                     [id=10764, stack(0x000000bd50c00000,0x000000bd50d00000) (1024K)]
  0x0000021df086e800 WorkerThread "GC Thread#5"                     [id=19816, stack(0x000000bd50d00000,0x000000bd50e00000) (1024K)]
  0x0000021df086eba0 WorkerThread "GC Thread#6"                     [id=13720, stack(0x000000bd50e00000,0x000000bd50f00000) (1024K)]
  0x0000021df0a4a340 WorkerThread "GC Thread#7"                     [id=11296, stack(0x000000bd50600000,0x000000bd50700000) (1024K)]
  0x0000021df023fe50 WorkerThread "GC Thread#8"                     [id=25648, stack(0x000000bd50500000,0x000000bd50600000) (1024K)]
  0x0000021df023f370 WorkerThread "GC Thread#9"                     [id=6752, stack(0x000000bd51200000,0x000000bd51300000) (1024K)]
  0x0000021df0240590 WorkerThread "GC Thread#10"                    [id=18000, stack(0x000000bd51300000,0x000000bd51400000) (1024K)]
  0x0000021df0240930 WorkerThread "GC Thread#11"                    [id=19648, stack(0x000000bd51600000,0x000000bd51700000) (1024K)]
  0x0000021df023f710 WorkerThread "GC Thread#12"                    [id=19380, stack(0x000000bd51b00000,0x000000bd51c00000) (1024K)]
Total: 15

Threads with active compile tasks:
Total: 0

VM state: not at safepoint (normal execution)

VM Mutex/Monitor currently owned by a thread: None

Heap address: 0x0000000080000000, size: 2048 MB, Compressed Oops mode: 32-bit

CDS archive(s) mapped at: [0x0000021da8000000-0x0000021da8ba0000-0x0000021da8ba0000), size 12189696, SharedBaseAddress: 0x0000021da8000000, ArchiveRelocationMode: 1.
Compressed class space mapped at: 0x0000021da9000000-0x0000021de9000000, reserved size: 1073741824
Narrow klass base: 0x0000021da8000000, Narrow klass shift: 0, Narrow klass range: 0x100000000

GC Precious Log:
 CardTable entry size: 512
 CPUs: 16 total, 16 available
 Memory: 15710M
 Large Page Support: Disabled
 NUMA Support: Disabled
 Compressed Oops: Enabled (32-bit)
 Alignments: Space 512K, Generation 512K, Heap 2M
 Heap Min Capacity: 100M
 Heap Initial Capacity: 100M
 Heap Max Capacity: 2G
 Pre-touch: Disabled
 Parallel Workers: 13

Heap:
 PSYoungGen      total 21504K, used 3323K [0x00000000d5580000, 0x00000000d6f80000, 0x0000000100000000)
  eden space 19456K, 6% used [0x00000000d5580000,0x00000000d56c0590,0x00000000d6880000)
  from space 2048K, 99% used [0x00000000d6a80000,0x00000000d6c7e8e8,0x00000000d6c80000)
  to   space 3072K, 0% used [0x00000000d6c80000,0x00000000d6c80000,0x00000000d6f80000)
 ParOldGen       total 68608K, used 67801K [0x0000000080000000, 0x0000000084300000, 0x00000000d5580000)
  object space 68608K, 98% used [0x0000000080000000,0x00000000842367f0,0x0000000084300000)
 Metaspace       used 70996K, committed 72576K, reserved 1114112K
  class space    used 7468K, committed 8064K, reserved 1048576K

Card table byte_map: [0x0000021d90fc0000,0x0000021d913d0000] _byte_map_base: 0x0000021d90bc0000

Marking Bits: (ParMarkBitMap*) 0x00007ffb9a26a340
 Begin Bits: [0x0000021da3ac0000, 0x0000021da5ac0000)
 End Bits:   [0x0000021da5ac0000, 0x0000021da7ac0000)

Polling page: 0x0000021d8f460000

Metaspace:

Usage:
  Non-class:     62.04 MB used.
      Class:      7.29 MB used.
       Both:     69.33 MB used.

Virtual space:
  Non-class space:       64.00 MB reserved,      63.00 MB ( 98%) committed,  1 nodes.
      Class space:        1.00 GB reserved,       7.88 MB ( <1%) committed,  1 nodes.
             Both:        1.06 GB reserved,      70.88 MB (  7%) committed. 

Chunk freelists:
   Non-Class:  240.00 KB
       Class:  8.15 MB
        Both:  8.38 MB

MaxMetaspaceSize: unlimited
CompressedClassSpaceSize: 1.00 GB
Initial GC threshold: 21.00 MB
Current GC threshold: 97.31 MB
CDS: on
 - commit_granule_bytes: 65536.
 - commit_granule_words: 8192.
 - virtual_space_node_default_size: 8388608.
 - enlarge_chunks_in_place: 1.
 - use_allocation_guard: 0.


Internal statistics:

num_allocs_failed_limit: 9.
num_arena_births: 1286.
num_arena_deaths: 14.
num_vsnodes_births: 2.
num_vsnodes_deaths: 0.
num_space_committed: 1134.
num_space_uncommitted: 0.
num_chunks_returned_to_freelist: 23.
num_chunks_taken_from_freelist: 4429.
num_chunk_merges: 12.
num_chunk_splits: 2714.
num_chunks_enlarged: 1582.
num_inconsistent_stats: 0.

CodeHeap 'non-profiled nmethods': size=119168Kb used=9650Kb max_used=9650Kb free=109517Kb
 bounds [0x0000021d9c3b0000, 0x0000021d9cd20000, 0x0000021da3810000]
CodeHeap 'profiled nmethods': size=119104Kb used=31194Kb max_used=31194Kb free=87910Kb
 bounds [0x0000021d94810000, 0x0000021d96690000, 0x0000021d9bc60000]
CodeHeap 'non-nmethods': size=7488Kb used=1460Kb max_used=3214Kb free=6027Kb
 bounds [0x0000021d9bc60000, 0x0000021d9bf90000, 0x0000021d9c3b0000]
CodeCache: size=245760Kb, used=42304Kb, max_used=44058Kb, free=203454Kb
 total_blobs=13731, nmethods=12959, adapters=677, full_count=0
Compilation: enabled, stopped_count=0, restarted_count=0

Compilation events (20 events):
Event: 7561.655 Thread 0x0000021dea5e4cf0 13760       4       java.util.concurrent.ThreadPoolExecutor::beforeExecute (1 bytes)
Event: 7561.656 Thread 0x0000021dea5e4cf0 nmethod 13760 0x0000021d9cd1c590 code [0x0000021d9cd1c720, 0x0000021d9cd1c7a8]
Event: 7668.165 Thread 0x0000021dea5e5a20 13761       3       java.util.logging.Logger::getLogger (8 bytes)
Event: 7668.165 Thread 0x0000021dea5e5a20 nmethod 13761 0x0000021d9667f210 code [0x0000021d9667f3e0, 0x0000021d9667f5a0]
Event: 7668.165 Thread 0x0000021dea5e5a20 13762       3       java.util.logging.Logger::getLogger (7 bytes)
Event: 7668.166 Thread 0x0000021dea5e5a20 nmethod 13762 0x0000021d9667f690 code [0x0000021d9667f840, 0x0000021d9667f968]
Event: 7668.166 Thread 0x0000021dea5e5a20 13763       3       java.util.logging.Logger::demandLogger (36 bytes)
Event: 7668.167 Thread 0x0000021dea5e5a20 nmethod 13763 0x0000021d9667fa10 code [0x0000021d9667fca0, 0x0000021d96680750]
Event: 7682.842 Thread 0x0000021dea5e5a20 13764   !   3       org.eclipse.osgi.internal.framework.StorageSaver$StorageSaverTask::run (31 bytes)
Event: 7682.849 Thread 0x0000021dea5e5a20 nmethod 13764 0x0000021d96680b90 code [0x0000021d96680d60, 0x0000021d96681000]
Event: 7682.849 Thread 0x0000021dea5e5a20 13765   !   3       org.eclipse.osgi.storage.Storage::save (62 bytes)
Event: 7682.850 Thread 0x0000021dea5e5a20 nmethod 13765 0x0000021d96681190 code [0x0000021d96681380, 0x0000021d966816f0]
Event: 7682.850 Thread 0x0000021dea5e5a20 13766   !   3       org.eclipse.osgi.storage.Storage::save0 (246 bytes)
Event: 7682.861 Thread 0x0000021dea5e5a20 nmethod 13766 0x0000021d96681890 code [0x0000021d96681da0, 0x0000021d96684988]
Event: 7741.788 Thread 0x0000021dea5e4cf0 13767       4       java.util.concurrent.ThreadPoolExecutor::afterExecute (1 bytes)
Event: 7741.788 Thread 0x0000021dea5e4cf0 nmethod 13767 0x0000021d9cd1c890 code [0x0000021d9cd1ca20, 0x0000021d9cd1caa8]
Event: 8268.348 Thread 0x0000021dea5e5a20 13768       3       java.lang.ClassLoader::getPlatformClassLoader (21 bytes)
Event: 8268.349 Thread 0x0000021dea5e5a20 nmethod 13768 0x0000021d96685f10 code [0x0000021d966860e0, 0x0000021d96686370]
Event: 8268.349 Thread 0x0000021dea5e5a20 13769       3       java.lang.ClassLoader::getBuiltinPlatformClassLoader (4 bytes)
Event: 8268.349 Thread 0x0000021dea5e5a20 nmethod 13769 0x0000021d96686490 code [0x0000021d96686640, 0x0000021d96686790]

GC Heap History (20 events):
Event: 31.734 GC heap before
{Heap before GC invocations=57 (full 3):
 PSYoungGen      total 20480K, used 20352K [0x00000000d5580000, 0x00000000d6b80000, 0x0000000100000000)
  eden space 19456K, 100% used [0x00000000d5580000,0x00000000d6880000,0x00000000d6880000)
  from space 1024K, 87% used [0x00000000d6900000,0x00000000d69e0000,0x00000000d6a00000)
  to   space 1536K, 0% used [0x00000000d6a00000,0x00000000d6a00000,0x00000000d6b80000)
 ParOldGen       total 68608K, used 52955K [0x0000000080000000, 0x0000000084300000, 0x00000000d5580000)
  object space 68608K, 77% used [0x0000000080000000,0x00000000833b6f58,0x0000000084300000)
 Metaspace       used 64902K, committed 66304K, reserved 1114112K
  class space    used 6966K, committed 7552K, reserved 1048576K
}
Event: 31.735 GC heap after
{Heap after GC invocations=57 (full 3):
 PSYoungGen      total 20992K, used 1216K [0x00000000d5580000, 0x00000000d6b80000, 0x0000000100000000)
  eden space 19456K, 0% used [0x00000000d5580000,0x00000000d5580000,0x00000000d6880000)
  from space 1536K, 79% used [0x00000000d6a00000,0x00000000d6b30000,0x00000000d6b80000)
  to   space 1536K, 0% used [0x00000000d6880000,0x00000000d6880000,0x00000000d6a00000)
 ParOldGen       total 68608K, used 53624K [0x0000000080000000, 0x0000000084300000, 0x00000000d5580000)
  object space 68608K, 78% used [0x0000000080000000,0x000000008345e108,0x0000000084300000)
 Metaspace       used 64902K, committed 66304K, reserved 1114112K
  class space    used 6966K, committed 7552K, reserved 1048576K
}
Event: 31.804 GC heap before
{Heap before GC invocations=58 (full 3):
 PSYoungGen      total 20992K, used 20672K [0x00000000d5580000, 0x00000000d6b80000, 0x0000000100000000)
  eden space 19456K, 100% used [0x00000000d5580000,0x00000000d6880000,0x00000000d6880000)
  from space 1536K, 79% used [0x00000000d6a00000,0x00000000d6b30000,0x00000000d6b80000)
  to   space 1536K, 0% used [0x00000000d6880000,0x00000000d6880000,0x00000000d6a00000)
 ParOldGen       total 68608K, used 53624K [0x0000000080000000, 0x0000000084300000, 0x00000000d5580000)
  object space 68608K, 78% used [0x0000000080000000,0x000000008345e108,0x0000000084300000)
 Metaspace       used 64929K, committed 66304K, reserved 1114112K
  class space    used 6967K, committed 7552K, reserved 1048576K
}
Event: 31.806 GC heap after
{Heap after GC invocations=58 (full 3):
 PSYoungGen      total 20992K, used 1536K [0x00000000d5580000, 0x00000000d6f80000, 0x0000000100000000)
  eden space 19456K, 0% used [0x00000000d5580000,0x00000000d5580000,0x00000000d6880000)
  from space 1536K, 100% used [0x00000000d6880000,0x00000000d6a00000,0x00000000d6a00000)
  to   space 3584K, 0% used [0x00000000d6c00000,0x00000000d6c00000,0x00000000d6f80000)
 ParOldGen       total 68608K, used 55315K [0x0000000080000000, 0x0000000084300000, 0x00000000d5580000)
  object space 68608K, 80% used [0x0000000080000000,0x0000000083604c18,0x0000000084300000)
 Metaspace       used 64929K, committed 66304K, reserved 1114112K
  class space    used 6967K, committed 7552K, reserved 1048576K
}
Event: 31.871 GC heap before
{Heap before GC invocations=59 (full 3):
 PSYoungGen      total 20992K, used 20992K [0x00000000d5580000, 0x00000000d6f80000, 0x0000000100000000)
  eden space 19456K, 100% used [0x00000000d5580000,0x00000000d6880000,0x00000000d6880000)
  from space 1536K, 100% used [0x00000000d6880000,0x00000000d6a00000,0x00000000d6a00000)
  to   space 3584K, 0% used [0x00000000d6c00000,0x00000000d6c00000,0x00000000d6f80000)
 ParOldGen       total 68608K, used 55315K [0x0000000080000000, 0x0000000084300000, 0x00000000d5580000)
  object space 68608K, 80% used [0x0000000080000000,0x0000000083604c18,0x0000000084300000)
 Metaspace       used 64983K, committed 66368K, reserved 1114112K
  class space    used 6967K, committed 7552K, reserved 1048576K
}
Event: 31.872 GC heap after
{Heap after GC invocations=59 (full 3):
 PSYoungGen      total 20992K, used 1264K [0x00000000d5580000, 0x00000000d6d80000, 0x0000000100000000)
  eden space 19456K, 0% used [0x00000000d5580000,0x00000000d5580000,0x00000000d6880000)
  from space 1536K, 82% used [0x00000000d6c00000,0x00000000d6d3c010,0x00000000d6d80000)
  to   space 2048K, 0% used [0x00000000d6980000,0x00000000d6980000,0x00000000d6b80000)
 ParOldGen       total 68608K, used 56566K [0x0000000080000000, 0x0000000084300000, 0x00000000d5580000)
  object space 68608K, 82% used [0x0000000080000000,0x000000008373d938,0x0000000084300000)
 Metaspace       used 64983K, committed 66368K, reserved 1114112K
  class space    used 6967K, committed 7552K, reserved 1048576K
}
Event: 32.086 GC heap before
{Heap before GC invocations=60 (full 3):
 PSYoungGen      total 20992K, used 20720K [0x00000000d5580000, 0x00000000d6d80000, 0x0000000100000000)
  eden space 19456K, 99% used [0x00000000d5580000,0x00000000d687fff0,0x00000000d6880000)
  from space 1536K, 82% used [0x00000000d6c00000,0x00000000d6d3c010,0x00000000d6d80000)
  to   space 2048K, 0% used [0x00000000d6980000,0x00000000d6980000,0x00000000d6b80000)
 ParOldGen       total 68608K, used 56566K [0x0000000080000000, 0x0000000084300000, 0x00000000d5580000)
  object space 68608K, 82% used [0x0000000080000000,0x000000008373d938,0x0000000084300000)
 Metaspace       used 65086K, committed 66432K, reserved 1114112K
  class space    used 6978K, committed 7552K, reserved 1048576K
}
Event: 32.087 GC heap after
{Heap after GC invocations=60 (full 3):
 PSYoungGen      total 20992K, used 1408K [0x00000000d5580000, 0x00000000d6c80000, 0x0000000100000000)
  eden space 19456K, 0% used [0x00000000d5580000,0x00000000d5580000,0x00000000d6880000)
  from space 1536K, 91% used [0x00000000d6980000,0x00000000d6ae0020,0x00000000d6b00000)
  to   space 1536K, 0% used [0x00000000d6b00000,0x00000000d6b00000,0x00000000d6c80000)
 ParOldGen       total 68608K, used 57413K [0x0000000080000000, 0x0000000084300000, 0x00000000d5580000)
  object space 68608K, 83% used [0x0000000080000000,0x0000000083811638,0x0000000084300000)
 Metaspace       used 65086K, committed 66432K, reserved 1114112K
  class space    used 6978K, committed 7552K, reserved 1048576K
}
Event: 32.492 GC heap before
{Heap before GC invocations=61 (full 3):
 PSYoungGen      total 20992K, used 20858K [0x00000000d5580000, 0x00000000d6c80000, 0x0000000100000000)
  eden space 19456K, 99% used [0x00000000d5580000,0x00000000d687e910,0x00000000d6880000)
  from space 1536K, 91% used [0x00000000d6980000,0x00000000d6ae0020,0x00000000d6b00000)
  to   space 1536K, 0% used [0x00000000d6b00000,0x00000000d6b00000,0x00000000d6c80000)
 ParOldGen       total 68608K, used 57413K [0x0000000080000000, 0x0000000084300000, 0x00000000d5580000)
  object space 68608K, 83% used [0x0000000080000000,0x0000000083811638,0x0000000084300000)
 Metaspace       used 65473K, committed 66880K, reserved 1114112K
  class space    used 7020K, committed 7616K, reserved 1048576K
}
Event: 32.493 GC heap after
{Heap after GC invocations=61 (full 3):
 PSYoungGen      total 20992K, used 1120K [0x00000000d5580000, 0x00000000d6c80000, 0x0000000100000000)
  eden space 19456K, 0% used [0x00000000d5580000,0x00000000d5580000,0x00000000d6880000)
  from space 1536K, 72% used [0x00000000d6b00000,0x00000000d6c18020,0x00000000d6c80000)
  to   space 1536K, 0% used [0x00000000d6980000,0x00000000d6980000,0x00000000d6b00000)
 ParOldGen       total 68608K, used 58453K [0x0000000080000000, 0x0000000084300000, 0x00000000d5580000)
  object space 68608K, 85% used [0x0000000080000000,0x0000000083915638,0x0000000084300000)
 Metaspace       used 65473K, committed 66880K, reserved 1114112K
  class space    used 7020K, committed 7616K, reserved 1048576K
}
Event: 32.806 GC heap before
{Heap before GC invocations=62 (full 3):
 PSYoungGen      total 20992K, used 20576K [0x00000000d5580000, 0x00000000d6c80000, 0x0000000100000000)
  eden space 19456K, 100% used [0x00000000d5580000,0x00000000d6880000,0x00000000d6880000)
  from space 1536K, 72% used [0x00000000d6b00000,0x00000000d6c18020,0x00000000d6c80000)
  to   space 1536K, 0% used [0x00000000d6980000,0x00000000d6980000,0x00000000d6b00000)
 ParOldGen       total 68608K, used 58453K [0x0000000080000000, 0x0000000084300000, 0x00000000d5580000)
  object space 68608K, 85% used [0x0000000080000000,0x0000000083915638,0x0000000084300000)
 Metaspace       used 65820K, committed 67264K, reserved 1114112K
  class space    used 7059K, committed 7680K, reserved 1048576K
}
Event: 32.807 GC heap after
{Heap after GC invocations=62 (full 3):
 PSYoungGen      total 20480K, used 736K [0x00000000d5580000, 0x00000000d6b80000, 0x0000000100000000)
  eden space 19456K, 0% used [0x00000000d5580000,0x00000000d5580000,0x00000000d6880000)
  from space 1024K, 71% used [0x00000000d6980000,0x00000000d6a38000,0x00000000d6a80000)
  to   space 1024K, 0% used [0x00000000d6a80000,0x00000000d6a80000,0x00000000d6b80000)
 ParOldGen       total 68608K, used 58985K [0x0000000080000000, 0x0000000084300000, 0x00000000d5580000)
  object space 68608K, 85% used [0x0000000080000000,0x000000008399a668,0x0000000084300000)
 Metaspace       used 65820K, committed 67264K, reserved 1114112K
  class space    used 7059K, committed 7680K, reserved 1048576K
}
Event: 33.049 GC heap before
{Heap before GC invocations=63 (full 3):
 PSYoungGen      total 20480K, used 20192K [0x00000000d5580000, 0x00000000d6b80000, 0x0000000100000000)
  eden space 19456K, 100% used [0x00000000d5580000,0x00000000d6880000,0x00000000d6880000)
  from space 1024K, 71% used [0x00000000d6980000,0x00000000d6a38000,0x00000000d6a80000)
  to   space 1024K, 0% used [0x00000000d6a80000,0x00000000d6a80000,0x00000000d6b80000)
 ParOldGen       total 68608K, used 58985K [0x0000000080000000, 0x0000000084300000, 0x00000000d5580000)
  object space 68608K, 85% used [0x0000000080000000,0x000000008399a668,0x0000000084300000)
 Metaspace       used 67048K, committed 68608K, reserved 1114112K
  class space    used 7178K, committed 7808K, reserved 1048576K
}
Event: 33.050 GC heap after
{Heap after GC invocations=63 (full 3):
 PSYoungGen      total 20480K, used 928K [0x00000000d5580000, 0x00000000d6b80000, 0x0000000100000000)
  eden space 19456K, 0% used [0x00000000d5580000,0x00000000d5580000,0x00000000d6880000)
  from space 1024K, 90% used [0x00000000d6a80000,0x00000000d6b68000,0x00000000d6b80000)
  to   space 1024K, 0% used [0x00000000d6980000,0x00000000d6980000,0x00000000d6a80000)
 ParOldGen       total 68608K, used 59535K [0x0000000080000000, 0x0000000084300000, 0x00000000d5580000)
  object space 68608K, 86% used [0x0000000080000000,0x0000000083a23d90,0x0000000084300000)
 Metaspace       used 67048K, committed 68608K, reserved 1114112K
  class space    used 7178K, committed 7808K, reserved 1048576K
}
Event: 33.212 GC heap before
{Heap before GC invocations=64 (full 3):
 PSYoungGen      total 20480K, used 20384K [0x00000000d5580000, 0x00000000d6b80000, 0x0000000100000000)
  eden space 19456K, 100% used [0x00000000d5580000,0x00000000d6880000,0x00000000d6880000)
  from space 1024K, 90% used [0x00000000d6a80000,0x00000000d6b68000,0x00000000d6b80000)
  to   space 1024K, 0% used [0x00000000d6980000,0x00000000d6980000,0x00000000d6a80000)
 ParOldGen       total 68608K, used 59535K [0x0000000080000000, 0x0000000084300000, 0x00000000d5580000)
  object space 68608K, 86% used [0x0000000080000000,0x0000000083a23d90,0x0000000084300000)
 Metaspace       used 67823K, committed 69312K, reserved 1114112K
  class space    used 7260K, committed 7872K, reserved 1048576K
}
Event: 33.215 GC heap after
{Heap after GC invocations=64 (full 3):
 PSYoungGen      total 20480K, used 1014K [0x00000000d5580000, 0x00000000d7580000, 0x0000000100000000)
  eden space 19456K, 0% used [0x00000000d5580000,0x00000000d5580000,0x00000000d6880000)
  from space 1024K, 99% used [0x00000000d6980000,0x00000000d6a7da48,0x00000000d6a80000)
  to   space 6656K, 0% used [0x00000000d6f00000,0x00000000d6f00000,0x00000000d7580000)
 ParOldGen       total 68608K, used 64217K [0x0000000080000000, 0x0000000084300000, 0x00000000d5580000)
  object space 68608K, 93% used [0x0000000080000000,0x0000000083eb6458,0x0000000084300000)
 Metaspace       used 67823K, committed 69312K, reserved 1114112K
  class space    used 7260K, committed 7872K, reserved 1048576K
}
Event: 33.568 GC heap before
{Heap before GC invocations=65 (full 3):
 PSYoungGen      total 20480K, used 20470K [0x00000000d5580000, 0x00000000d7580000, 0x0000000100000000)
  eden space 19456K, 100% used [0x00000000d5580000,0x00000000d6880000,0x00000000d6880000)
  from space 1024K, 99% used [0x00000000d6980000,0x00000000d6a7da48,0x00000000d6a80000)
  to   space 6656K, 0% used [0x00000000d6f00000,0x00000000d6f00000,0x00000000d7580000)
 ParOldGen       total 68608K, used 64217K [0x0000000080000000, 0x0000000084300000, 0x00000000d5580000)
  object space 68608K, 93% used [0x0000000080000000,0x0000000083eb6458,0x0000000084300000)
 Metaspace       used 68998K, committed 70528K, reserved 1114112K
  class space    used 7374K, committed 8000K, reserved 1048576K
}
Event: 33.571 GC heap after
{Heap after GC invocations=65 (full 3):
 PSYoungGen      total 23040K, used 3128K [0x00000000d5580000, 0x00000000d7280000, 0x0000000100000000)
  eden space 19456K, 0% used [0x00000000d5580000,0x00000000d5580000,0x00000000d6880000)
  from space 3584K, 87% used [0x00000000d6f00000,0x00000000d720e0e0,0x00000000d7280000)
  to   space 4096K, 0% used [0x00000000d6a80000,0x00000000d6a80000,0x00000000d6e80000)
 ParOldGen       total 68608K, used 65117K [0x0000000080000000, 0x0000000084300000, 0x00000000d5580000)
  object space 68608K, 94% used [0x0000000080000000,0x0000000083f97690,0x0000000084300000)
 Metaspace       used 68998K, committed 70528K, reserved 1114112K
  class space    used 7374K, committed 8000K, reserved 1048576K
}
Event: 320.638 GC heap before
{Heap before GC invocations=66 (full 3):
 PSYoungGen      total 23040K, used 22584K [0x00000000d5580000, 0x00000000d7280000, 0x0000000100000000)
  eden space 19456K, 100% used [0x00000000d5580000,0x00000000d6880000,0x00000000d6880000)
  from space 3584K, 87% used [0x00000000d6f00000,0x00000000d720e0e0,0x00000000d7280000)
  to   space 4096K, 0% used [0x00000000d6a80000,0x00000000d6a80000,0x00000000d6e80000)
 ParOldGen       total 68608K, used 65117K [0x0000000080000000, 0x0000000084300000, 0x00000000d5580000)
  object space 68608K, 94% used [0x0000000080000000,0x0000000083f97690,0x0000000084300000)
 Metaspace       used 70891K, committed 72384K, reserved 1114112K
  class space    used 7464K, committed 8064K, reserved 1048576K
}
Event: 320.640 GC heap after
{Heap after GC invocations=66 (full 3):
 PSYoungGen      total 21504K, used 2042K [0x00000000d5580000, 0x00000000d6f80000, 0x0000000100000000)
  eden space 19456K, 0% used [0x00000000d5580000,0x00000000d5580000,0x00000000d6880000)
  from space 2048K, 99% used [0x00000000d6a80000,0x00000000d6c7e8e8,0x00000000d6c80000)
  to   space 3072K, 0% used [0x00000000d6c80000,0x00000000d6c80000,0x00000000d6f80000)
 ParOldGen       total 68608K, used 67801K [0x0000000080000000, 0x0000000084300000, 0x00000000d5580000)
  object space 68608K, 98% used [0x0000000080000000,0x00000000842367f0,0x0000000084300000)
 Metaspace       used 70891K, committed 72384K, reserved 1114112K
  class space    used 7464K, committed 8064K, reserved 1048576K
}

Dll operation events (12 events):
Event: 0.008 Loaded shared library c:\Users\kavin\.vscode\extensions\redhat.java-1.47.0-win32-x64\jre\21.0.8-win32-x86_64\bin\java.dll
Event: 0.088 Loaded shared library c:\Users\kavin\.vscode\extensions\redhat.java-1.47.0-win32-x64\jre\21.0.8-win32-x86_64\bin\zip.dll
Event: 0.111 Loaded shared library C:\Users\kavin\.vscode\extensions\redhat.java-1.47.0-win32-x64\jre\21.0.8-win32-x86_64\bin\instrument.dll
Event: 0.114 Loaded shared library C:\Users\kavin\.vscode\extensions\redhat.java-1.47.0-win32-x64\jre\21.0.8-win32-x86_64\bin\net.dll
Event: 0.116 Loaded shared library C:\Users\kavin\.vscode\extensions\redhat.java-1.47.0-win32-x64\jre\21.0.8-win32-x86_64\bin\nio.dll
Event: 0.119 Loaded shared library C:\Users\kavin\.vscode\extensions\redhat.java-1.47.0-win32-x64\jre\21.0.8-win32-x86_64\bin\zip.dll
Event: 0.136 Loaded shared library C:\Users\kavin\.vscode\extensions\redhat.java-1.47.0-win32-x64\jre\21.0.8-win32-x86_64\bin\jimage.dll
Event: 0.217 Loaded shared library c:\Users\kavin\.vscode\extensions\redhat.java-1.47.0-win32-x64\jre\21.0.8-win32-x86_64\bin\verify.dll
Event: 5.957 Loaded shared library C:\Users\kavin\AppData\Roaming\Code\User\globalStorage\redhat.java\1.47.0\config_win\org.eclipse.equinox.launcher\org.eclipse.equinox.launcher.win32.win32.x86_64_1.2.1400.v20250801-0854\eclipse_11916.dll
Event: 15.253 Loaded shared library C:\Users\kavin\AppData\Local\Temp\jna-101823237\jna17378468088971581241.dll
Event: 16.585 Loaded shared library C:\Users\kavin\.vscode\extensions\redhat.java-1.47.0-win32-x64\jre\21.0.8-win32-x86_64\bin\sunmscapi.dll
Event: 16.749 Loaded shared library C:\Users\kavin\.vscode\extensions\redhat.java-1.47.0-win32-x64\jre\21.0.8-win32-x86_64\bin\extnet.dll

Deoptimization events (20 events):
Event: 320.642 Thread 0x0000021df0604f50 Uncommon trap: trap_request=0xffffffc6 fr.pc=0x0000021d9cbb4784 relative=0x0000000000001004
Event: 320.642 Thread 0x0000021df0604f50 Uncommon trap: reason=bimorphic_or_optimized_type_check action=maybe_recompile pc=0x0000021d9cbb4784 method=java.io.DataOutputStream.write([BII)V @ 7 c2
Event: 320.642 Thread 0x0000021df0604f50 DEOPT PACKING pc=0x0000021d9cbb4784 sp=0x000000bd523ff080
Event: 320.642 Thread 0x0000021df0604f50 DEOPT UNPACKING pc=0x0000021d9bcb3aa2 sp=0x000000bd523fefc0 mode 2
Event: 320.642 Thread 0x0000021df0604f50 Uncommon trap: trap_request=0xffffffc6 fr.pc=0x0000021d9cbb4784 relative=0x0000000000001004
Event: 320.642 Thread 0x0000021df0604f50 Uncommon trap: reason=bimorphic_or_optimized_type_check action=maybe_recompile pc=0x0000021d9cbb4784 method=java.io.DataOutputStream.write([BII)V @ 7 c2
Event: 320.642 Thread 0x0000021df0604f50 DEOPT PACKING pc=0x0000021d9cbb4784 sp=0x000000bd523ff080
Event: 320.642 Thread 0x0000021df0604f50 DEOPT UNPACKING pc=0x0000021d9bcb3aa2 sp=0x000000bd523fefc0 mode 2
Event: 320.642 Thread 0x0000021df0604f50 Uncommon trap: trap_request=0xffffffc6 fr.pc=0x0000021d9cba15fc relative=0x00000000000012fc
Event: 320.642 Thread 0x0000021df0604f50 Uncommon trap: reason=bimorphic_or_optimized_type_check action=maybe_recompile pc=0x0000021d9cba15fc method=java.io.DataOutputStream.write([BII)V @ 7 c2
Event: 320.642 Thread 0x0000021df0604f50 DEOPT PACKING pc=0x0000021d9cba15fc sp=0x000000bd523fece0
Event: 320.642 Thread 0x0000021df0604f50 DEOPT UNPACKING pc=0x0000021d9bcb3aa2 sp=0x000000bd523fec20 mode 2
Event: 320.649 Thread 0x0000021df0604f50 Uncommon trap: trap_request=0xffffffc6 fr.pc=0x0000021d9cb77ab4 relative=0x0000000000002f94
Event: 320.649 Thread 0x0000021df0604f50 Uncommon trap: reason=bimorphic_or_optimized_type_check action=maybe_recompile pc=0x0000021d9cb77ab4 method=java.util.Properties.load0(Ljava/util/Properties$LineReader;)V @ 241 c2
Event: 320.649 Thread 0x0000021df0604f50 DEOPT PACKING pc=0x0000021d9cb77ab4 sp=0x000000bd523ff280
Event: 320.650 Thread 0x0000021df0604f50 DEOPT UNPACKING pc=0x0000021d9bcb3aa2 sp=0x000000bd523ff280 mode 2
Event: 320.650 Thread 0x0000021df0604f50 Uncommon trap: trap_request=0xffffff76 fr.pc=0x0000021d9c567e7c relative=0x000000000000085c
Event: 320.650 Thread 0x0000021df0604f50 Uncommon trap: reason=predicate action=maybe_recompile pc=0x0000021d9c567e7c method=java.util.Properties.load0(Ljava/util/Properties$LineReader;)V @ 29 c2
Event: 320.650 Thread 0x0000021df0604f50 DEOPT PACKING pc=0x0000021d9c567e7c sp=0x000000bd523ff2f0
Event: 320.650 Thread 0x0000021df0604f50 DEOPT UNPACKING pc=0x0000021d9bcb3aa2 sp=0x000000bd523ff298 mode 2

Classes loaded (20 events):
Event: 33.167 Loading class java/nio/file/Files$2
Event: 33.167 Loading class java/nio/file/Files$2 done
Event: 33.268 Loading class java/util/concurrent/ArrayBlockingQueue
Event: 33.269 Loading class java/util/concurrent/ArrayBlockingQueue done
Event: 33.352 Loading class java/util/concurrent/ConcurrentHashMap$KeySpliterator
Event: 33.353 Loading class java/util/concurrent/ConcurrentHashMap$KeySpliterator done
Event: 33.893 Loading class java/io/CharArrayWriter
Event: 33.893 Loading class java/io/CharArrayWriter done
Event: 33.899 Loading class java/nio/file/attribute/PosixFileAttributes
Event: 33.899 Loading class java/nio/file/attribute/PosixFileAttributes done
Event: 320.622 Loading class java/util/stream/Nodes$CollectorTask$OfRef
Event: 320.622 Loading class java/util/stream/Nodes$CollectorTask
Event: 320.622 Loading class java/util/stream/Nodes$CollectorTask done
Event: 320.622 Loading class java/util/stream/Nodes$CollectorTask$OfRef done
Event: 320.622 Loading class java/util/function/LongFunction
Event: 320.622 Loading class java/util/function/LongFunction done
Event: 320.622 Loading class java/util/stream/Nodes$ConcNode
Event: 320.622 Loading class java/util/stream/Nodes$AbstractConcNode
Event: 320.622 Loading class java/util/stream/Nodes$AbstractConcNode done
Event: 320.622 Loading class java/util/stream/Nodes$ConcNode done

Classes unloaded (7 events):
Event: 15.661 Thread 0x0000021dea5c32d0 Unloading class 0x0000021da91acc00 'java/lang/invoke/LambdaForm$MH+0x0000021da91acc00'
Event: 15.661 Thread 0x0000021dea5c32d0 Unloading class 0x0000021da91ac800 'java/lang/invoke/LambdaForm$MH+0x0000021da91ac800'
Event: 15.661 Thread 0x0000021dea5c32d0 Unloading class 0x0000021da91ac400 'java/lang/invoke/LambdaForm$MH+0x0000021da91ac400'
Event: 15.661 Thread 0x0000021dea5c32d0 Unloading class 0x0000021da91ac000 'java/lang/invoke/LambdaForm$MH+0x0000021da91ac000'
Event: 15.661 Thread 0x0000021dea5c32d0 Unloading class 0x0000021da91abc00 'java/lang/invoke/LambdaForm$BMH+0x0000021da91abc00'
Event: 15.661 Thread 0x0000021dea5c32d0 Unloading class 0x0000021da91ab800 'java/lang/invoke/LambdaForm$DMH+0x0000021da91ab800'
Event: 15.661 Thread 0x0000021dea5c32d0 Unloading class 0x0000021da91aa400 'java/lang/invoke/LambdaForm$DMH+0x0000021da91aa400'

Classes redefined (0 events):
No events

Internal exceptions (20 events):
Event: 32.979 Thread 0x0000021df05fece0 Exception <a 'sun/nio/fs/WindowsException'{0x00000000d63b7b50}> (0x00000000d63b7b50) 
thrown [s\src\hotspot\share\prims\jni.cpp, line 520]
Event: 32.981 Thread 0x0000021df034de40 Exception <a 'sun/nio/fs/WindowsException'{0x00000000d63cc800}> (0x00000000d63cc800) 
thrown [s\src\hotspot\share\prims\jni.cpp, line 520]
Event: 32.982 Thread 0x0000021df034f1f0 Exception <a 'sun/nio/fs/WindowsException'{0x00000000d63daaa0}> (0x00000000d63daaa0) 
thrown [s\src\hotspot\share\prims\jni.cpp, line 520]
Event: 32.982 Thread 0x0000021df03512c0 Exception <a 'sun/nio/fs/WindowsException'{0x00000000d63e8a20}> (0x00000000d63e8a20) 
thrown [s\src\hotspot\share\prims\jni.cpp, line 520]
Event: 32.982 Thread 0x0000021df0351fe0 Exception <a 'sun/nio/fs/WindowsException'{0x00000000d63f6960}> (0x00000000d63f6960) 
thrown [s\src\hotspot\share\prims\jni.cpp, line 520]
Event: 32.983 Thread 0x0000021df0350c30 Exception <a 'sun/nio/fs/WindowsException'{0x00000000d644a2c0}> (0x00000000d644a2c0) 
thrown [s\src\hotspot\share\prims\jni.cpp, line 520]
Event: 32.983 Thread 0x0000021df034b6e0 Exception <a 'sun/nio/fs/WindowsException'{0x00000000d64661a8}> (0x00000000d64661a8) 
thrown [s\src\hotspot\share\prims\jni.cpp, line 520]
Event: 32.983 Thread 0x0000021df034e4d0 Exception <a 'sun/nio/fs/WindowsException'{0x00000000d6404d98}> (0x00000000d6404d98) 
thrown [s\src\hotspot\share\prims\jni.cpp, line 520]
Event: 32.988 Thread 0x0000021df05fece0 Exception <a 'java/lang/NoSuchMethodError'{0x00000000d64b2f20}: 'java.lang.Object java.lang.invoke.DirectMethodHandle$Holder.newInvokeSpecial(java.lang.Object, java.lang.Object, int, java.lang.Object, java.lang.Object)'> (0x00000000d64b2f20) 
thrown [s\src\hotspot\share\interpreter\linkResolver.cpp, line 773]
Event: 32.990 Thread 0x0000021df05fece0 Exception <a 'java/lang/NoSuchMethodError'{0x00000000d64caa78}: 'java.lang.Object java.lang.invoke.DirectMethodHandle$Holder.invokeSpecial(java.lang.Object, java.lang.Object, java.lang.Object, int, java.lang.Object, java.lang.Object, java.lang.Object)'> (0x00000000d64caa78) 
thrown [s\src\hotspot\share\interpreter\linkResolver.cpp, line 773]
Event: 33.331 Thread 0x0000021df214d7c0 Exception <a 'java/lang/NoSuchMethodError'{0x00000000d5bc2778}: 'void java.lang.invoke.DirectMethodHandle$Holder.invokeStatic(java.lang.Object, int, java.lang.Object)'> (0x00000000d5bc2778) 
thrown [s\src\hotspot\share\interpreter\linkResolver.cpp, line 773]
Event: 33.354 Thread 0x0000021df0604230 Exception <a 'java/lang/NoSuchMethodError'{0x00000000d5cc2ee0}: 'java.lang.Object java.lang.invoke.DirectMethodHandle$Holder.newInvokeSpecial(java.lang.Object, java.lang.Object, int, int, java.lang.Object)'> (0x00000000d5cc2ee0) 
thrown [s\src\hotspot\share\interpreter\linkResolver.cpp, line 773]
Event: 33.428 Thread 0x0000021df214d7c0 Implicit null exception at 0x0000021d9cc14d4b to 0x0000021d9cc14eac
Event: 33.766 Thread 0x0000021df214d7c0 Implicit null exception at 0x0000021d9cc7c4c6 to 0x0000021d9cc7c534
Event: 33.836 Thread 0x0000021df0604230 Exception <a 'sun/nio/fs/WindowsException'{0x00000000d5de3fb8}> (0x00000000d5de3fb8) 
thrown [s\src\hotspot\share\prims\jni.cpp, line 520]
Event: 33.836 Thread 0x0000021df0604230 Exception <a 'sun/nio/fs/WindowsException'{0x00000000d5de45e8}> (0x00000000d5de45e8) 
thrown [s\src\hotspot\share\prims\jni.cpp, line 520]
Event: 320.629 Thread 0x0000021df0604f50 Exception <a 'sun/nio/fs/WindowsException'{0x00000000d67ffc98}> (0x00000000d67ffc98) 
thrown [s\src\hotspot\share\prims\jni.cpp, line 520]
Event: 320.629 Thread 0x0000021df0604f50 Exception <a 'sun/nio/fs/WindowsException'{0x00000000d6800578}> (0x00000000d6800578) 
thrown [s\src\hotspot\share\prims\jni.cpp, line 520]
Event: 320.629 Thread 0x0000021df0604f50 Implicit null exception at 0x0000021d9cba6806 to 0x0000021d9cba6b94
Event: 320.637 Thread 0x0000021df0604f50 Exception <a 'java/lang/NoSuchMethodError'{0x00000000d6870f38}: static [J.<clinit>()V> (0x00000000d6870f38) 
thrown [s\src\hotspot\share\prims\jni.cpp, line 1111]

ZGC Phase Switch (0 events):
No events

VM Operations (20 events):
Event: 8058.736 Executing VM operation: HandshakeAllThreads (HandshakeForDeflation)
Event: 8058.736 Executing VM operation: HandshakeAllThreads (HandshakeForDeflation) done
Event: 8058.736 Executing VM operation: RendezvousGCThreads
Event: 8058.736 Executing VM operation: RendezvousGCThreads done
Event: 8419.265 Executing VM operation: HandshakeAllThreads (HandshakeForDeflation)
Event: 8419.265 Executing VM operation: HandshakeAllThreads (HandshakeForDeflation) done
Event: 8419.265 Executing VM operation: RendezvousGCThreads
Event: 8419.265 Executing VM operation: RendezvousGCThreads done
Event: 8479.416 Executing VM operation: HandshakeAllThreads (HandshakeForDeflation)
Event: 8479.416 Executing VM operation: HandshakeAllThreads (HandshakeForDeflation) done
Event: 8479.416 Executing VM operation: RendezvousGCThreads
Event: 8479.416 Executing VM operation: RendezvousGCThreads done
Event: 8659.813 Executing VM operation: HandshakeAllThreads (HandshakeForDeflation)
Event: 8659.813 Executing VM operation: HandshakeAllThreads (HandshakeForDeflation) done
Event: 8659.813 Executing VM operation: RendezvousGCThreads
Event: 8659.813 Executing VM operation: RendezvousGCThreads done
Event: 8840.152 Executing VM operation: HandshakeAllThreads (HandshakeForDeflation)
Event: 8840.152 Executing VM operation: HandshakeAllThreads (HandshakeForDeflation) done
Event: 8840.152 Executing VM operation: RendezvousGCThreads
Event: 8840.152 Executing VM operation: RendezvousGCThreads done

Memory protections (0 events):
No events

Nmethod flushes (20 events):
Event: 29.081 Thread 0x0000021dea5c32d0 flushing  nmethod 0x0000021d950f4310
Event: 29.081 Thread 0x0000021dea5c32d0 flushing  nmethod 0x0000021d95162f10
Event: 29.081 Thread 0x0000021dea5c32d0 flushing  nmethod 0x0000021d95170090
Event: 29.081 Thread 0x0000021dea5c32d0 flushing  nmethod 0x0000021d95171990
Event: 29.081 Thread 0x0000021dea5c32d0 flushing  nmethod 0x0000021d95174210
Event: 29.081 Thread 0x0000021dea5c32d0 flushing  nmethod 0x0000021d9518fa10
Event: 29.081 Thread 0x0000021dea5c32d0 flushing  nmethod 0x0000021d95190010
Event: 29.081 Thread 0x0000021dea5c32d0 flushing  nmethod 0x0000021d95190710
Event: 29.081 Thread 0x0000021dea5c32d0 flushing  nmethod 0x0000021d95190f90
Event: 29.081 Thread 0x0000021dea5c32d0 flushing  nmethod 0x0000021d95193690
Event: 29.081 Thread 0x0000021dea5c32d0 flushing  nmethod 0x0000021d951c1110
Event: 29.081 Thread 0x0000021dea5c32d0 flushing  nmethod 0x0000021d951d1a10
Event: 29.081 Thread 0x0000021dea5c32d0 flushing osr nmethod 0x0000021d95216210
Event: 29.081 Thread 0x0000021dea5c32d0 flushing  nmethod 0x0000021d95265590
Event: 29.081 Thread 0x0000021dea5c32d0 flushing  nmethod 0x0000021d9526c990
Event: 29.081 Thread 0x0000021dea5c32d0 flushing  nmethod 0x0000021d9526e890
Event: 29.081 Thread 0x0000021dea5c32d0 flushing  nmethod 0x0000021d9526ec90
Event: 29.081 Thread 0x0000021dea5c32d0 flushing  nmethod 0x0000021d95286610
Event: 29.081 Thread 0x0000021dea5c32d0 flushing  nmethod 0x0000021d9529a810
Event: 29.081 Thread 0x0000021dea5c32d0 flushing  nmethod 0x0000021d952a9f10

Events (20 events):
Event: 453.028 Thread 0x0000021df0351950 Thread exited: 0x0000021df0351950
Event: 508.623 Thread 0x0000021df4251160 Thread exited: 0x0000021df4251160
Event: 513.035 Thread 0x0000021df034b050 Thread exited: 0x0000021df034b050
Event: 568.639 Thread 0x0000021df450ae50 Thread exited: 0x0000021df450ae50
Event: 573.037 Thread 0x0000021df0352670 Thread exited: 0x0000021df0352670
Event: 628.639 Thread 0x0000021df450c890 Thread exited: 0x0000021df450c890
Event: 633.039 Thread 0x0000021df0351fe0 Thread exited: 0x0000021df0351fe0
Event: 688.649 Thread 0x0000021df4255990 Thread exited: 0x0000021df4255990
Event: 693.047 Thread 0x0000021df034c400 Thread exited: 0x0000021df034c400
Event: 748.656 Thread 0x0000021df42545e0 Thread exited: 0x0000021df42545e0
Event: 753.056 Thread 0x0000021df03505a0 Thread exited: 0x0000021df03505a0
Event: 808.659 Thread 0x0000021df4508d80 Thread exited: 0x0000021df4508d80
Event: 813.065 Thread 0x0000021df034f880 Thread exited: 0x0000021df034f880
Event: 868.660 Thread 0x0000021df4506cb0 Thread exited: 0x0000021df4506cb0
Event: 873.066 Thread 0x0000021df034f1f0 Thread exited: 0x0000021df034f1f0
Event: 928.662 Thread 0x0000021df4509410 Thread exited: 0x0000021df4509410
Event: 933.075 Thread 0x0000021df034eb60 Thread exited: 0x0000021df034eb60
Event: 993.090 Thread 0x0000021df034e4d0 Thread exited: 0x0000021df034e4d0
Event: 6615.367 Thread 0x0000021df05ffa00 Thread added: 0x0000021df034f880
Event: 6615.369 Thread 0x0000021df0604f50 Thread exited: 0x0000021df0604f50


Dynamic libraries:
0x00007ff636330000 - 0x00007ff63633e000 	c:\Users\kavin\.vscode\extensions\redhat.java-1.47.0-win32-x64\jre\21.0.8-win32-x86_64\bin\java.exe
0x00007ffc32db0000 - 0x00007ffc32fc7000 	C:\windows\SYSTEM32\ntdll.dll
0x00007ffc322f0000 - 0x00007ffc323b4000 	C:\windows\System32\KERNEL32.DLL
0x00007ffc30360000 - 0x00007ffc30732000 	C:\windows\System32\KERNELBASE.dll
0x00007ffc30770000 - 0x00007ffc30881000 	C:\windows\System32\ucrtbase.dll
0x00007ffbea2d0000 - 0x00007ffbea2e8000 	c:\Users\kavin\.vscode\extensions\redhat.java-1.47.0-win32-x64\jre\21.0.8-win32-x86_64\bin\jli.dll
0x00007ffbdd480000 - 0x00007ffbdd49e000 	c:\Users\kavin\.vscode\extensions\redhat.java-1.47.0-win32-x64\jre\21.0.8-win32-x86_64\bin\VCRUNTIME140.dll
0x00007ffc31fe0000 - 0x00007ffc32191000 	C:\windows\System32\USER32.dll
0x00007ffc30740000 - 0x00007ffc30766000 	C:\windows\System32\win32u.dll
0x00007ffc1c0a0000 - 0x00007ffc1c33b000 	C:\windows\WinSxS\amd64_microsoft.windows.common-controls_6595b64144ccf1df_6.0.22621.5547_none_27104afb73855772\COMCTL32.dll
0x00007ffc32a90000 - 0x00007ffc32ab9000 	C:\windows\System32\GDI32.dll
0x00007ffc32bf0000 - 0x00007ffc32c97000 	C:\windows\System32\msvcrt.dll
0x00007ffc30910000 - 0x00007ffc30a33000 	C:\windows\System32\gdi32full.dll
0x00007ffc2ff20000 - 0x00007ffc2ffba000 	C:\windows\System32\msvcp_win.dll
0x00007ffc326b0000 - 0x00007ffc326e1000 	C:\windows\System32\IMM32.DLL
0x00007ffc0c6f0000 - 0x00007ffc0c6fc000 	c:\Users\kavin\.vscode\extensions\redhat.java-1.47.0-win32-x64\jre\21.0.8-win32-x86_64\bin\vcruntime140_1.dll
0x00007ffbdd3f0000 - 0x00007ffbdd47d000 	c:\Users\kavin\.vscode\extensions\redhat.java-1.47.0-win32-x64\jre\21.0.8-win32-x86_64\bin\msvcp140.dll
0x00007ffb995b0000 - 0x00007ffb9a347000 	c:\Users\kavin\.vscode\extensions\redhat.java-1.47.0-win32-x64\jre\21.0.8-win32-x86_64\bin\server\jvm.dll
0x00007ffc31aa0000 - 0x00007ffc31b51000 	C:\windows\System32\ADVAPI32.dll
0x00007ffc32240000 - 0x00007ffc322e8000 	C:\windows\System32\sechost.dll
0x00007ffc30330000 - 0x00007ffc30358000 	C:\windows\System32\bcrypt.dll
0x00007ffc312f0000 - 0x00007ffc31404000 	C:\windows\System32\RPCRT4.dll
0x00007ffc32b50000 - 0x00007ffc32bc1000 	C:\windows\System32\WS2_32.dll
0x00007ffc2fd70000 - 0x00007ffc2fdbd000 	C:\windows\SYSTEM32\POWRPROF.dll
0x00007ffc2ad50000 - 0x00007ffc2ad5a000 	C:\windows\SYSTEM32\VERSION.dll
0x00007ffc2b3e0000 - 0x00007ffc2b414000 	C:\windows\SYSTEM32\WINMM.dll
0x00007ffc2fd50000 - 0x00007ffc2fd63000 	C:\windows\SYSTEM32\UMPDC.dll
0x00007ffc2ee90000 - 0x00007ffc2eea8000 	C:\windows\SYSTEM32\kernel.appcore.dll
0x00007ffbfe340000 - 0x00007ffbfe34a000 	c:\Users\kavin\.vscode\extensions\redhat.java-1.47.0-win32-x64\jre\21.0.8-win32-x86_64\bin\jimage.dll
0x00007ffc27a50000 - 0x00007ffc27c83000 	C:\windows\SYSTEM32\DBGHELP.DLL
0x00007ffc326f0000 - 0x00007ffc32a83000 	C:\windows\System32\combase.dll
0x00007ffc31eb0000 - 0x00007ffc31f87000 	C:\windows\System32\OLEAUT32.dll
0x00007ffc24140000 - 0x00007ffc24172000 	C:\windows\SYSTEM32\dbgcore.DLL
0x00007ffc2fea0000 - 0x00007ffc2ff1b000 	C:\windows\System32\bcryptPrimitives.dll
0x00007ffbfe2c0000 - 0x00007ffbfe2cf000 	c:\Users\kavin\.vscode\extensions\redhat.java-1.47.0-win32-x64\jre\21.0.8-win32-x86_64\bin\instrument.dll
0x00007ffbdd3d0000 - 0x00007ffbdd3ef000 	c:\Users\kavin\.vscode\extensions\redhat.java-1.47.0-win32-x64\jre\21.0.8-win32-x86_64\bin\java.dll
0x00007ffc30a40000 - 0x00007ffc312e2000 	C:\windows\System32\SHELL32.dll
0x00007ffc301f0000 - 0x00007ffc3032f000 	C:\windows\System32\wintypes.dll
0x00007ffc2dd80000 - 0x00007ffc2e69d000 	C:\windows\SYSTEM32\windows.storage.dll
0x00007ffc325a0000 - 0x00007ffc326ac000 	C:\windows\System32\SHCORE.dll
0x00007ffc31b60000 - 0x00007ffc31bc9000 	C:\windows\System32\shlwapi.dll
0x00007ffc2fdd0000 - 0x00007ffc2fdfb000 	C:\windows\SYSTEM32\profapi.dll
0x00007ffbdd3b0000 - 0x00007ffbdd3c8000 	c:\Users\kavin\.vscode\extensions\redhat.java-1.47.0-win32-x64\jre\21.0.8-win32-x86_64\bin\zip.dll
0x00007ffbfd4a0000 - 0x00007ffbfd4b0000 	C:\Users\kavin\.vscode\extensions\redhat.java-1.47.0-win32-x64\jre\21.0.8-win32-x86_64\bin\net.dll
0x00007ffc2cb30000 - 0x00007ffc2cc5c000 	C:\windows\SYSTEM32\WINHTTP.dll
0x00007ffc2f310000 - 0x00007ffc2f379000 	C:\windows\system32\mswsock.dll
0x00007ffbdd390000 - 0x00007ffbdd3a6000 	C:\Users\kavin\.vscode\extensions\redhat.java-1.47.0-win32-x64\jre\21.0.8-win32-x86_64\bin\nio.dll
0x00007ffbfcb50000 - 0x00007ffbfcb60000 	c:\Users\kavin\.vscode\extensions\redhat.java-1.47.0-win32-x64\jre\21.0.8-win32-x86_64\bin\verify.dll
0x00007ffbdb0c0000 - 0x00007ffbdb104000 	C:\Users\kavin\AppData\Roaming\Code\User\globalStorage\redhat.java\1.47.0\config_win\org.eclipse.equinox.launcher\org.eclipse.equinox.launcher.win32.win32.x86_64_1.2.1400.v20250801-0854\eclipse_11916.dll
0x00007ffc31900000 - 0x00007ffc31aa0000 	C:\windows\System32\ole32.dll
0x00007ffc2f530000 - 0x00007ffc2f54b000 	C:\windows\SYSTEM32\CRYPTSP.dll
0x00007ffc2edf0000 - 0x00007ffc2ee27000 	C:\windows\system32\rsaenh.dll
0x00007ffc2f3d0000 - 0x00007ffc2f3f8000 	C:\windows\SYSTEM32\USERENV.dll
0x00007ffc2f550000 - 0x00007ffc2f55c000 	C:\windows\SYSTEM32\CRYPTBASE.dll
0x00007ffc2e900000 - 0x00007ffc2e92d000 	C:\windows\SYSTEM32\IPHLPAPI.DLL
0x00007ffc321a0000 - 0x00007ffc321a9000 	C:\windows\System32\NSI.dll
0x00007ffbd0010000 - 0x00007ffbd0059000 	C:\Users\kavin\AppData\Local\Temp\jna-101823237\jna17378468088971581241.dll
0x00007ffc32230000 - 0x00007ffc32238000 	C:\windows\System32\PSAPI.DLL
0x00007ffc2bcc0000 - 0x00007ffc2bcd9000 	C:\windows\SYSTEM32\dhcpcsvc6.DLL
0x00007ffc2bc60000 - 0x00007ffc2bc7f000 	C:\windows\SYSTEM32\dhcpcsvc.DLL
0x00007ffbfbf40000 - 0x00007ffbfbf4e000 	C:\Users\kavin\.vscode\extensions\redhat.java-1.47.0-win32-x64\jre\21.0.8-win32-x86_64\bin\sunmscapi.dll
0x00007ffc2ffc0000 - 0x00007ffc30127000 	C:\windows\System32\CRYPT32.dll
0x00007ffc2f740000 - 0x00007ffc2f76d000 	C:\windows\SYSTEM32\ncrypt.dll
0x00007ffc2f700000 - 0x00007ffc2f737000 	C:\windows\SYSTEM32\NTASN1.dll
0x00007ffc2e930000 - 0x00007ffc2ea28000 	C:\windows\SYSTEM32\DNSAPI.dll
0x00007ffc2bc30000 - 0x00007ffc2bc3a000 	C:\Windows\System32\rasadhlp.dll
0x00007ffc2b680000 - 0x00007ffc2b704000 	C:\windows\System32\fwpuclnt.dll
0x00007ffbf6600000 - 0x00007ffbf6609000 	C:\Users\kavin\.vscode\extensions\redhat.java-1.47.0-win32-x64\jre\21.0.8-win32-x86_64\bin\extnet.dll

JVMTI agents:
c:\Users\kavin\.vscode\extensions\redhat.java-1.47.0-win32-x64\lombok\lombok-1.18.39-4050.jar path:c:\Users\kavin\.vscode\extensions\redhat.java-1.47.0-win32-x64\jre\21.0.8-win32-x86_64\bin\instrument.dll, loaded, initialized, instrumentlib options:none

dbghelp: loaded successfully - version: 4.0.5 - missing functions: none
symbol engine: initialized successfully - sym options: 0x614 - pdb path: .;c:\Users\kavin\.vscode\extensions\redhat.java-1.47.0-win32-x64\jre\21.0.8-win32-x86_64\bin;C:\windows\SYSTEM32;C:\windows\WinSxS\amd64_microsoft.windows.common-controls_6595b64144ccf1df_6.0.22621.5547_none_27104afb73855772;c:\Users\kavin\.vscode\extensions\redhat.java-1.47.0-win32-x64\jre\21.0.8-win32-x86_64\bin\server;C:\Users\kavin\AppData\Roaming\Code\User\globalStorage\redhat.java\1.47.0\config_win\org.eclipse.equinox.launcher\org.eclipse.equinox.launcher.win32.win32.x86_64_1.2.1400.v20250801-0854;C:\Users\kavin\AppData\Local\Temp\jna-101823237

VM Arguments:
jvm_args: --add-modules=ALL-SYSTEM --add-opens=java.base/java.util=ALL-UNNAMED --add-opens=java.base/java.lang=ALL-UNNAMED --add-opens=java.base/sun.nio.fs=ALL-UNNAMED -Declipse.application=org.eclipse.jdt.ls.core.id1 -Dosgi.bundles.defaultStartLevel=4 -Declipse.product=org.eclipse.jdt.ls.core.product -Djava.import.generatesMetadataFilesAtProjectRoot=false -DDetectVMInstallationsJob.disabled=true -Dfile.encoding=utf8 -XX:+UseParallelGC -XX:GCTimeRatio=4 -XX:AdaptiveSizePolicyWeight=90 -Dsun.zip.disableMemoryMapping=true -Xmx2G -Xms100m -Xlog:disable -javaagent:c:\Users\kavin\.vscode\extensions\redhat.java-1.47.0-win32-x64\lombok\lombok-1.18.39-4050.jar -XX:+HeapDumpOnOutOfMemoryError -XX:HeapDumpPath=c:\Users\kavin\AppData\Roaming\Code\User\workspaceStorage\e55657de26fef7e88f35b3bd3d66fe23\redhat.java -Daether.dependencyCollector.impl=bf 
java_command: c:\Users\kavin\.vscode\extensions\redhat.java-1.47.0-win32-x64\server\plugins\org.eclipse.equinox.launcher_1.7.100.v20251014-1222.jar -configuration c:\Users\kavin\AppData\Roaming\Code\User\globalStorage\redhat.java\1.47.0\config_win -data c:\Users\kavin\AppData\Roaming\Code\User\workspaceStorage\e55657de26fef7e88f35b3bd3d66fe23\redhat.java\jdt_ws --pipe=\\.\pipe\lsp-80a93e76bace323a8ce5c410efa75070-sock
java_class_path (initial): c:\Users\kavin\.vscode\extensions\redhat.java-1.47.0-win32-x64\server\plugins\org.eclipse.equinox.launcher_1.7.100.v20251014-1222.jar
Launcher Type: SUN_STANDARD

[Global flags]
    uintx AdaptiveSizePolicyWeight                 = 90                                        {product} {command line}
     intx CICompilerCount                          = 12                                        {product} {ergonomic}
    uintx GCTimeRatio                              = 4                                         {product} {command line}
     bool HeapDumpOnOutOfMemoryError               = true                                   {manageable} {command line}
    ccstr HeapDumpPath                             = c:\Users\kavin\AppData\Roaming\Code\User\workspaceStorage\e55657de26fef7e88f35b3bd3d66fe23\redhat.java         {manageable} {command line}
   size_t InitialHeapSize                          = 104857600                                 {product} {command line}
   size_t MaxHeapSize                              = 2147483648                                {product} {command line}
   size_t MaxNewSize                               = 715653120                                 {product} {ergonomic}
   size_t MinHeapDeltaBytes                        = 524288                                    {product} {ergonomic}
   size_t MinHeapSize                              = 104857600                                 {product} {command line}
   size_t NewSize                                  = 34603008                                  {product} {ergonomic}
    uintx NonNMethodCodeHeapSize                   = 7602480                                {pd product} {ergonomic}
    uintx NonProfiledCodeHeapSize                  = 122027880                              {pd product} {ergonomic}
   size_t OldSize                                  = 70254592                                  {product} {ergonomic}
    uintx ProfiledCodeHeapSize                     = 122027880                              {pd product} {ergonomic}
    uintx ReservedCodeCacheSize                    = 251658240                              {pd product} {ergonomic}
     bool SegmentedCodeCache                       = true                                      {product} {ergonomic}
   size_t SoftMaxHeapSize                          = 2147483648                             {manageable} {ergonomic}
     bool UseCompressedOops                        = true                           {product lp64_product} {ergonomic}
     bool UseLargePagesIndividualAllocation        = false                                  {pd product} {ergonomic}
     bool UseParallelGC                            = true                                      {product} {command line}

Logging:
Log output configuration:
 #0: stdout all=off uptime,level,tags foldmultilines=false
 #1: stderr all=off uptime,level,tags foldmultilines=false

Environment Variables:
JAVA_HOME=C:\Program Files\Java\jdk-21
PATH=C:\Program Files (x86)\VMware\VMware Workstation\bin\;C:\windows\system32;C:\windows;C:\windows\System32\Wbem;C:\windows\System32\WindowsPowerShell\v1.0\;C:\windows\System32\OpenSSH\;C:\Program Files (x86)\NVIDIA Corporation\PhysX\Common;C:\Program Files\NVIDIA Corporation\NVIDIA NvDLISR;C:\Program Files\nodejs\;C:\Program Files\Docker\Docker\resources\bin;C:\Program Files\Amazon\AWSCLIV2\;C:\Program Files\Git\cmd;C:\Program Files\apache-maven\maven-mvnd-1.0.3-windows-amd64\mvn\bin;C:\Program Files\Java\jdk-21\bin;C:\Program Files\Java\jdk-21\bin;C:\Users\kavin\AppData\Local\Programs\Python\Python312\Scripts\;C:\Users\kavin\AppData\Local\Programs\Python\Python312\;C:\Users\kavin\AppData\Local\Programs\Python\Python313\Scripts\;C:\Users\kavin\AppData\Local\Programs\Python\Python313\;C:\Users\kavin\AppData\Local\Programs\Python\Launcher\;C:\Program Files\MySQL\MySQL Shell 8.0\bin\;C:\Users\kavin\AppData\Local\Microsoft\WindowsApps;C:\Users\kavin\AppData\Local\Programs\Microsoft VS Code\bin;C:\Users\kavin\AppData\Roaming\npm;C:\Program Files\Java\jdk-21\bin;
USERNAME=kavin
OS=Windows_NT
PROCESSOR_IDENTIFIER=AMD64 Family 25 Model 80 Stepping 0, AuthenticAMD
TMP=C:\Users\kavin\AppData\Local\Temp
TEMP=C:\Users\kavin\AppData\Local\Temp




Periodic native trim disabled

---------------  S Y S T E M  ---------------

OS:
 Windows 11 , 64 bit Build 22621 (10.0.22621.5415)
OS uptime: 2 days 13:39 hours
Hyper-V role detected

CPU: total 16 (initial active 16) (16 cores per cpu, 2 threads per core) family 25 model 80 stepping 0 microcode 0x0, cx8, cmov, fxsr, ht, mmx, 3dnowpref, sse, sse2, sse3, ssse3, sse4a, sse4.1, sse4.2, popcnt, lzcnt, tsc, tscinvbit, avx, avx2, aes, erms, clmul, bmi1, bmi2, adx, sha, fma, vzeroupper, clflush, clflushopt, hv, rdtscp, rdpid, fsrm, f16c, cet_ss
Processor Information for processor 0
  Max Mhz: 3201, Current Mhz: 1802, Mhz Limit: 3201
Processor Information for processor 1
  Max Mhz: 3201, Current Mhz: 1802, Mhz Limit: 3201
Processor Information for processor 2
  Max Mhz: 3201, Current Mhz: 1802, Mhz Limit: 3201
Processor Information for processor 3
  Max Mhz: 3201, Current Mhz: 1802, Mhz Limit: 3201
Processor Information for processor 4
  Max Mhz: 3201, Current Mhz: 1882, Mhz Limit: 3201
Processor Information for processor 5
  Max Mhz: 3201, Current Mhz: 1802, Mhz Limit: 3201
Processor Information for processor 6
  Max Mhz: 3201, Current Mhz: 1802, Mhz Limit: 3201
Processor Information for processor 7
  Max Mhz: 3201, Current Mhz: 1882, Mhz Limit: 3201
Processor Information for processor 8
  Max Mhz: 3201, Current Mhz: 1882, Mhz Limit: 3201
Processor Information for processor 9
  Max Mhz: 3201, Current Mhz: 1802, Mhz Limit: 3201
Processor Information for processor 10
  Max Mhz: 3201, Current Mhz: 1882, Mhz Limit: 3201
Processor Information for processor 11
  Max Mhz: 3201, Current Mhz: 1882, Mhz Limit: 3201
Processor Information for processor 12
  Max Mhz: 3201, Current Mhz: 1802, Mhz Limit: 3201
Processor Information for processor 13
  Max Mhz: 3201, Current Mhz: 1802, Mhz Limit: 3201
Processor Information for processor 14
  Max Mhz: 3201, Current Mhz: 1802, Mhz Limit: 3201
Processor Information for processor 15
  Max Mhz: 3201, Current Mhz: 1802, Mhz Limit: 3201

Memory: 4k page, system-wide physical 15710M (3157M free)
TotalPageFile size 20374M (AvailPageFile size 3M)
current process WorkingSet (physical memory assigned to process): 44M, peak: 358M
current process commit charge ("private bytes"): 411M, peak: 453M

vm_info: OpenJDK 64-Bit Server VM (21.0.8+9-LTS) for windows-amd64 JRE (21.0.8+9-LTS), built on 2025-07-15T00:00:00Z by "admin" with MS VC++ 17.7 (VS2022)

END.
